[2025-03-09T19:24:58.178+0000] {local_task_job_runner.py:123} INFO - ::group::Pre task execution logs
[2025-03-09T19:24:58.198+0000] {taskinstance.py:2614} INFO - Dependencies all met for dep_context=non-requeueable deps ti=<TaskInstance: a1.read_data_from_mongodb scheduled__2025-03-08T00:00:00+00:00 [queued]>
[2025-03-09T19:24:58.202+0000] {taskinstance.py:2614} INFO - Dependencies all met for dep_context=requeueable deps ti=<TaskInstance: a1.read_data_from_mongodb scheduled__2025-03-08T00:00:00+00:00 [queued]>
[2025-03-09T19:24:58.202+0000] {taskinstance.py:2867} INFO - Starting attempt 1 of 4
[2025-03-09T19:24:58.208+0000] {taskinstance.py:2890} INFO - Executing <Task(_PythonDecoratedOperator): read_data_from_mongodb> on 2025-03-08 00:00:00+00:00
[2025-03-09T19:24:58.255+0000] {warnings.py:112} WARNING - /home/***/.local/lib/python3.12/site-packages/***/task/task_runner/standard_task_runner.py:70: DeprecationWarning: This process (pid=223) is multi-threaded, use of fork() may lead to deadlocks in the child.
  pid = os.fork()

[2025-03-09T19:24:58.256+0000] {standard_task_runner.py:72} INFO - Started process 224 to run task
[2025-03-09T19:24:58.257+0000] {standard_task_runner.py:104} INFO - Running: ['***', 'tasks', 'run', 'a1', 'read_data_from_mongodb', 'scheduled__2025-03-08T00:00:00+00:00', '--job-id', '52', '--raw', '--subdir', 'DAGS_FOLDER/pipeline.py', '--cfg-path', '/tmp/tmpest6qe9j']
[2025-03-09T19:24:58.259+0000] {standard_task_runner.py:105} INFO - Job 52: Subtask read_data_from_mongodb
[2025-03-09T19:24:58.312+0000] {task_command.py:467} INFO - Running <TaskInstance: a1.read_data_from_mongodb scheduled__2025-03-08T00:00:00+00:00 [running]> on host e261c4a55bbc
[2025-03-09T19:24:58.949+0000] {taskinstance.py:3134} INFO - Exporting env vars: AIRFLOW_CTX_DAG_EMAIL='example@gmail.com' AIRFLOW_CTX_DAG_OWNER='***' AIRFLOW_CTX_DAG_ID='a1' AIRFLOW_CTX_TASK_ID='read_data_from_mongodb' AIRFLOW_CTX_EXECUTION_DATE='2025-03-08T00:00:00+00:00' AIRFLOW_CTX_TRY_NUMBER='1' AIRFLOW_CTX_DAG_RUN_ID='scheduled__2025-03-08T00:00:00+00:00'
[2025-03-09T19:24:58.951+0000] {logging_mixin.py:190} INFO - Task instance is in running state
[2025-03-09T19:24:58.952+0000] {logging_mixin.py:190} INFO -  Previous state of the Task instance: queued
[2025-03-09T19:24:58.953+0000] {logging_mixin.py:190} INFO - Current task name:read_data_from_mongodb state:running start_date:2025-03-09 19:24:58.198412+00:00
[2025-03-09T19:24:58.953+0000] {logging_mixin.py:190} INFO - Dag name:a1 and current dag run status:running
[2025-03-09T19:24:58.953+0000] {taskinstance.py:732} INFO - ::endgroup::
[2025-03-09T19:24:58.954+0000] {logging_mixin.py:190} INFO - attempting to read data from MongoDB....
[2025-03-09T19:24:58.964+0000] {base.py:84} INFO - Retrieving connection 'mongo_default'
[2025-03-09T19:24:59.460+0000] {logging_mixin.py:190} INFO - {'_id': ObjectId('67cde60ceacfa79e1d4ac5c0'), 'date': '2025-01-01', 'sentiment_score': 0.8, 'sentiment': 'positive'}
[2025-03-09T19:24:59.461+0000] {logging_mixin.py:190} INFO - {'_id': ObjectId('67cde64df1e6101a8070c4ec'), 'date': '2025-01-01', 'sentiment_score': 0.8, 'sentiment': 'positive'}
[2025-03-09T19:24:59.461+0000] {logging_mixin.py:190} INFO - {'_id': ObjectId('67cde68c391e9f4fc3c1c224'), 'date': '2025-01-01', 'sentiment_score': 0.8, 'sentiment': 'positive'}
[2025-03-09T19:24:59.461+0000] {logging_mixin.py:190} INFO - {'_id': ObjectId('67cde6cbb8239f438606febd'), 'date': '2025-01-01', 'sentiment_score': 0.8, 'sentiment': 'positive'}
[2025-03-09T19:24:59.462+0000] {logging_mixin.py:190} INFO - {'_id': ObjectId('67cde79ef7f78d9d77b0c31b'), 'date': '2025-01-01', 'sentiment_score': 0.8, 'sentiment': 'positive'}
[2025-03-09T19:24:59.462+0000] {logging_mixin.py:190} INFO - {'_id': ObjectId('67cde7f2b157fab0eab0ad8f'), 'date': '2025-01-01', 'sentiment_score': 0.8, 'sentiment': 'positive'}
[2025-03-09T19:24:59.462+0000] {logging_mixin.py:190} INFO - {'_id': ObjectId('67cde8362885be2973fa8d32'), 'date': '2025-01-01', 'sentiment_score': 0.8, 'sentiment': 'positive'}
[2025-03-09T19:24:59.462+0000] {logging_mixin.py:190} INFO - {'_id': ObjectId('67cde877aee9453a08c3cf45'), 'date': '2025-01-01', 'sentiment_score': 0.8, 'sentiment': 'positive'}
[2025-03-09T19:24:59.462+0000] {logging_mixin.py:190} INFO - {'_id': ObjectId('67cde99a57d4d3405f7d6000'), 'date': '2025-01-01', 'sentiment_score': 0.8, 'sentiment': 'positive'}
[2025-03-09T19:24:59.462+0000] {logging_mixin.py:190} INFO - {'_id': ObjectId('67cde9dd60af49631ecc516e'), 'date': '2025-01-01', 'sentiment_score': 0.8, 'sentiment': 'positive'}
[2025-03-09T19:24:59.462+0000] {logging_mixin.py:190} INFO - {'_id': ObjectId('67cdea1d6e5f37a400bda10e'), 'date': '2025-01-01', 'sentiment_score': 0.8, 'sentiment': 'positive'}
[2025-03-09T19:24:59.463+0000] {logging_mixin.py:190} INFO - {'_id': ObjectId('67cdea5de9f66dd578915bf9'), 'date': '2025-01-01', 'sentiment_score': 0.8, 'sentiment': 'positive'}
[2025-03-09T19:24:59.463+0000] {logging_mixin.py:190} INFO - {'_id': ObjectId('67cdeb038f2fb86dff84df90'), 'date': '2025-01-01', 'sentiment_score': 0.8, 'sentiment': 'positive'}
[2025-03-09T19:24:59.463+0000] {logging_mixin.py:190} INFO - Data read successfully!
[2025-03-09T19:24:59.464+0000] {python.py:240} INFO - Done. Returned value was: None
[2025-03-09T19:24:59.482+0000] {taskinstance.py:341} INFO - ::group::Post task execution logs
[2025-03-09T19:24:59.483+0000] {taskinstance.py:353} INFO - Marking task as SUCCESS. dag_id=a1, task_id=read_data_from_mongodb, run_id=scheduled__2025-03-08T00:00:00+00:00, execution_date=20250308T000000, start_date=20250309T192458, end_date=20250309T192459
[2025-03-09T19:24:59.531+0000] {logging_mixin.py:190} INFO - Task instance in success state
[2025-03-09T19:24:59.531+0000] {logging_mixin.py:190} INFO -  Previous state of the Task instance: running
[2025-03-09T19:24:59.531+0000] {logging_mixin.py:190} INFO - Dag name:a1 queued_at:2025-03-09 19:24:45.026787+00:00
[2025-03-09T19:24:59.531+0000] {logging_mixin.py:190} INFO - Task hostname:e261c4a55bbc operator:_PythonDecoratedOperator
[2025-03-09T19:24:59.561+0000] {local_task_job_runner.py:266} INFO - Task exited with return code 0
[2025-03-09T19:24:59.660+0000] {taskinstance.py:3901} INFO - 0 downstream tasks scheduled from follow-on schedule check
[2025-03-09T19:24:59.661+0000] {local_task_job_runner.py:245} INFO - ::endgroup::
