[2025-03-10T01:14:27.004+0800] {manager.py:483} INFO - Processing files using up to 1 processes at a time 
[2025-03-10T01:14:27.004+0800] {manager.py:484} INFO - Process each file at most once every 30 seconds
[2025-03-10T01:14:27.005+0800] {manager.py:485} INFO - Checking for new files in /Users/sinler/Documents/GitHub/market-sentiment-analysis/airflow/dags every 300 seconds
[2025-03-10T01:14:27.005+0800] {manager.py:821} INFO - Searching for files in /Users/sinler/Documents/GitHub/market-sentiment-analysis/airflow/dags
[2025-03-10T01:14:27.040+0800] {manager.py:824} INFO - There are 57 files in /Users/sinler/Documents/GitHub/market-sentiment-analysis/airflow/dags
[2025-03-10T01:14:28.271+0800] {manager.py:997} INFO - 
================================================================================
DAG File Processing Stats

File Path                                                                                                                                                                       PID    Runtime      # DAGs    # Errors  Last Runtime    Last Run               Last # of DB Queries
------------------------------------------------------------------------------------------------------------------------------------------------------------------------------  -----  ---------  --------  ----------  --------------  -------------------  ----------------------
/Users/sinler/Documents/GitHub/market-sentiment-analysis/.airflow/lib/python3.12/site-packages/airflow/example_dags/subdags/subdag.py                                                                    0           0  1.18s           2025-03-09T17:14:28                       3
/Users/sinler/Documents/GitHub/market-sentiment-analysis/.airflow/lib/python3.12/site-packages/airflow/example_dags/example_latest_only.py                                                               0           0                                                            0
/Users/sinler/Documents/GitHub/market-sentiment-analysis/.airflow/lib/python3.12/site-packages/airflow/example_dags/example_local_kubernetes_executor.py                                                 0           0                                                            0
/Users/sinler/Documents/GitHub/market-sentiment-analysis/.airflow/lib/python3.12/site-packages/airflow/example_dags/example_task_group_decorator.py                                                      0           0                                                            0
/Users/sinler/Documents/GitHub/market-sentiment-analysis/.airflow/lib/python3.12/site-packages/airflow/example_dags/example_complex.py                                                                   0           0                                                            0
/Users/sinler/Documents/GitHub/market-sentiment-analysis/.airflow/lib/python3.12/site-packages/airflow/example_dags/example_python_operator.py                                                           0           0                                                            0
/Users/sinler/Documents/GitHub/market-sentiment-analysis/.airflow/lib/python3.12/site-packages/airflow/example_dags/tutorial_taskflow_api_virtualenv.py                                                  0           0                                                            0
/Users/sinler/Documents/GitHub/market-sentiment-analysis/.airflow/lib/python3.12/site-packages/airflow/example_dags/example_params_trigger_ui.py                                                         0           0                                                            0
/Users/sinler/Documents/GitHub/market-sentiment-analysis/.airflow/lib/python3.12/site-packages/airflow/example_dags/example_external_task_marker_dag.py                                                  0           0                                                            0
/Users/sinler/Documents/GitHub/market-sentiment-analysis/.airflow/lib/python3.12/site-packages/airflow/example_dags/tutorial_objectstorage.py                                                            0           0                                                            0
/Users/sinler/Documents/GitHub/market-sentiment-analysis/.airflow/lib/python3.12/site-packages/airflow/example_dags/example_bash_operator.py                                                             0           0                                                            0
/Users/sinler/Documents/GitHub/market-sentiment-analysis/.airflow/lib/python3.12/site-packages/airflow/example_dags/example_dataset_alias.py                                                             0           0                                                            0
/Users/sinler/Documents/GitHub/market-sentiment-analysis/.airflow/lib/python3.12/site-packages/airflow/example_dags/example_short_circuit_operator.py                                                    0           0                                                            0
/Users/sinler/Documents/GitHub/market-sentiment-analysis/.airflow/lib/python3.12/site-packages/airflow/example_dags/example_setup_teardown.py                                                            0           0                                                            0
/Users/sinler/Documents/GitHub/market-sentiment-analysis/.airflow/lib/python3.12/site-packages/airflow/example_dags/example_branch_operator.py                                                           0           0                                                            0
/Users/sinler/Documents/GitHub/market-sentiment-analysis/.airflow/lib/python3.12/site-packages/airflow/example_dags/example_branch_labels.py                                                             0           0                                                            0
/Users/sinler/Documents/GitHub/market-sentiment-analysis/.airflow/lib/python3.12/site-packages/airflow/example_dags/tutorial_taskflow_api.py                                                             0           0                                                            0
/Users/sinler/Documents/GitHub/market-sentiment-analysis/.airflow/lib/python3.12/site-packages/airflow/example_dags/example_task_group.py                                                                0           0                                                            0
/Users/sinler/Documents/GitHub/market-sentiment-analysis/.airflow/lib/python3.12/site-packages/airflow/example_dags/tutorial.py                                                                          0           0                                                            0
/Users/sinler/Documents/GitHub/market-sentiment-analysis/.airflow/lib/python3.12/site-packages/airflow/example_dags/example_inlet_event_extra.py                                                         0           0                                                            0
/Users/sinler/Documents/GitHub/market-sentiment-analysis/.airflow/lib/python3.12/site-packages/airflow/example_dags/example_python_decorator.py                                                          0           0                                                            0
/Users/sinler/Documents/GitHub/market-sentiment-analysis/.airflow/lib/python3.12/site-packages/airflow/example_dags/example_sla_dag.py                                                                   0           0                                                            0
/Users/sinler/Documents/GitHub/market-sentiment-analysis/.airflow/lib/python3.12/site-packages/airflow/example_dags/example_passing_params_via_test_command.py                                           0           0                                                            0
/Users/sinler/Documents/GitHub/market-sentiment-analysis/.airflow/lib/python3.12/site-packages/airflow/example_dags/example_latest_only_with_trigger.py                                                  0           0                                                            0
/Users/sinler/Documents/GitHub/market-sentiment-analysis/.airflow/lib/python3.12/site-packages/airflow/example_dags/example_time_delta_sensor_async.py                                                   0           0                                                            0
/Users/sinler/Documents/GitHub/market-sentiment-analysis/.airflow/lib/python3.12/site-packages/airflow/example_dags/example_dataset_alias_with_no_taskflow.py                                            0           0                                                            0
/Users/sinler/Documents/GitHub/market-sentiment-analysis/.airflow/lib/python3.12/site-packages/airflow/example_dags/example_dag_decorator.py                                                             0           0                                                            0
/Users/sinler/Documents/GitHub/market-sentiment-analysis/.airflow/lib/python3.12/site-packages/airflow/example_dags/example_xcom.py                                                                      0           0                                                            0
/Users/sinler/Documents/GitHub/market-sentiment-analysis/.airflow/lib/python3.12/site-packages/airflow/example_dags/example_xcomargs.py                                                                  0           0                                                            0
/Users/sinler/Documents/GitHub/market-sentiment-analysis/.airflow/lib/python3.12/site-packages/airflow/example_dags/example_display_name.py                                                              0           0                                                            0
/Users/sinler/Documents/GitHub/market-sentiment-analysis/.airflow/lib/python3.12/site-packages/airflow/example_dags/example_branch_operator_decorator.py                                                 0           0                                                            0
/Users/sinler/Documents/GitHub/market-sentiment-analysis/.airflow/lib/python3.12/site-packages/airflow/example_dags/example_branch_day_of_week_operator.py                                               0           0                                                            0
/Users/sinler/Documents/GitHub/market-sentiment-analysis/.airflow/lib/python3.12/site-packages/airflow/example_dags/example_skip_dag.py                                                                  0           0                                                            0
/Users/sinler/Documents/GitHub/market-sentiment-analysis/.airflow/lib/python3.12/site-packages/airflow/example_dags/example_outlet_event_extra.py                                                        0           0                                                            0
/Users/sinler/Documents/GitHub/market-sentiment-analysis/.airflow/lib/python3.12/site-packages/airflow/example_dags/example_short_circuit_decorator.py                                                   0           0                                                            0
/Users/sinler/Documents/GitHub/market-sentiment-analysis/.airflow/lib/python3.12/site-packages/airflow/example_dags/example_datasets.py                                                                  0           0                                                            0
/Users/sinler/Documents/GitHub/market-sentiment-analysis/.airflow/lib/python3.12/site-packages/airflow/example_dags/tutorial_dag.py                                                                      0           0                                                            0
/Users/sinler/Documents/GitHub/market-sentiment-analysis/.airflow/lib/python3.12/site-packages/airflow/example_dags/example_trigger_target_dag.py                                                        0           0                                                            0
/Users/sinler/Documents/GitHub/market-sentiment-analysis/.airflow/lib/python3.12/site-packages/airflow/example_dags/example_bash_decorator.py                                                            0           0                                                            0
/Users/sinler/Documents/GitHub/market-sentiment-analysis/.airflow/lib/python3.12/site-packages/airflow/example_dags/example_workday_timetable.py                                                         0           0                                                            0
/Users/sinler/Documents/GitHub/market-sentiment-analysis/.airflow/lib/python3.12/site-packages/airflow/example_dags/example_sensor_decorator.py                                                          0           0                                                            0
/Users/sinler/Documents/GitHub/market-sentiment-analysis/.airflow/lib/python3.12/site-packages/airflow/example_dags/tutorial_taskflow_templates.py                                                       0           0                                                            0
/Users/sinler/Documents/GitHub/market-sentiment-analysis/.airflow/lib/python3.12/site-packages/airflow/example_dags/example_kubernetes_executor.py                                                       0           0                                                            0
/Users/sinler/Documents/GitHub/market-sentiment-analysis/.airflow/lib/python3.12/site-packages/airflow/example_dags/example_branch_python_dop_operator_3.py                                              0           0                                                            0
/Users/sinler/Documents/GitHub/market-sentiment-analysis/.airflow/lib/python3.12/site-packages/airflow/example_dags/example_sensors.py                                                                   0           0                                                            0
/Users/sinler/Documents/GitHub/market-sentiment-analysis/.airflow/lib/python3.12/site-packages/airflow/example_dags/example_setup_teardown_taskflow.py                                                   0           0                                                            0
/Users/sinler/Documents/GitHub/market-sentiment-analysis/.airflow/lib/python3.12/site-packages/airflow/example_dags/example_branch_datetime_operator.py                                                  0           0                                                            0
/Users/sinler/Documents/GitHub/market-sentiment-analysis/.airflow/lib/python3.12/site-packages/airflow/example_dags/example_nested_branch_dag.py                                                         0           0                                                            0
/Users/sinler/Documents/GitHub/market-sentiment-analysis/.airflow/lib/python3.12/site-packages/airflow/example_dags/example_subdag_operator.py                                                           0           0                                                            0
/Users/sinler/Documents/GitHub/market-sentiment-analysis/.airflow/lib/python3.12/site-packages/airflow/example_dags/example_dynamic_task_mapping_with_no_taskflow_operators.py                           0           0                                                            0
/Users/sinler/Documents/GitHub/market-sentiment-analysis/.airflow/lib/python3.12/site-packages/airflow/example_dags/example_trigger_controller_dag.py                                                    0           0                                                            0
/Users/sinler/Documents/GitHub/market-sentiment-analysis/.airflow/lib/python3.12/site-packages/airflow/example_dags/example_params_ui_tutorial.py                                                        0           0                                                            0
/Users/sinler/Documents/GitHub/market-sentiment-analysis/.airflow/lib/python3.12/site-packages/airflow/example_dags/example_dynamic_task_mapping.py                                                      0           0                                                            0
/Users/sinler/Documents/GitHub/market-sentiment-analysis/.airflow/lib/python3.12/site-packages/airflow/example_dags/plugins/decreasing_priority_weight_strategy.py                                       0           0                                                            0
/Users/sinler/Documents/GitHub/market-sentiment-analysis/.airflow/lib/python3.12/site-packages/airflow/example_dags/plugins/workday.py                                                                   0           0                                                            0
/Users/sinler/Documents/GitHub/market-sentiment-analysis/.airflow/lib/python3.12/site-packages/airflow/example_dags/plugins/event_listener.py                                                            0           0                                                            0
/Users/sinler/Documents/GitHub/market-sentiment-analysis/.airflow/lib/python3.12/site-packages/airflow/example_dags/plugins/listener_plugin.py                                                           0           0                                                            0
================================================================================
[2025-03-10T01:15:00.372+0800] {manager.py:997} INFO - 
================================================================================
DAG File Processing Stats

File Path                                                                                                                                                                       PID    Runtime      # DAGs    # Errors  Last Runtime    Last Run               Last # of DB Queries
------------------------------------------------------------------------------------------------------------------------------------------------------------------------------  -----  ---------  --------  ----------  --------------  -------------------  ----------------------
/Users/sinler/Documents/GitHub/market-sentiment-analysis/.airflow/lib/python3.12/site-packages/airflow/example_dags/example_workday_timetable.py                                                         1           0  1.30s           2025-03-09T17:14:54                      45
/Users/sinler/Documents/GitHub/market-sentiment-analysis/.airflow/lib/python3.12/site-packages/airflow/example_dags/example_xcom.py                                                                      1           0  1.28s           2025-03-09T17:14:52                      45
/Users/sinler/Documents/GitHub/market-sentiment-analysis/.airflow/lib/python3.12/site-packages/airflow/example_dags/example_xcomargs.py                                                                  2           0  1.28s           2025-03-09T17:14:49                      79
/Users/sinler/Documents/GitHub/market-sentiment-analysis/.airflow/lib/python3.12/site-packages/airflow/example_dags/tutorial.py                                                                          1           0  1.27s           2025-03-09T17:14:47                      45
/Users/sinler/Documents/GitHub/market-sentiment-analysis/.airflow/lib/python3.12/site-packages/airflow/example_dags/tutorial_taskflow_templates.py                                                       1           0  1.26s           2025-03-09T17:14:38                      45
/Users/sinler/Documents/GitHub/market-sentiment-analysis/.airflow/lib/python3.12/site-packages/airflow/example_dags/example_trigger_controller_dag.py                                                    1           0  1.25s           2025-03-09T17:14:58                      45
/Users/sinler/Documents/GitHub/market-sentiment-analysis/.airflow/lib/python3.12/site-packages/airflow/example_dags/tutorial_taskflow_api_virtualenv.py                                                  1           0  1.24s           2025-03-09T17:14:40                      43
/Users/sinler/Documents/GitHub/market-sentiment-analysis/.airflow/lib/python3.12/site-packages/airflow/example_dags/plugins/listener_plugin.py                                                           0           0  1.23s           2025-03-09T17:14:32                       3
/Users/sinler/Documents/GitHub/market-sentiment-analysis/.airflow/lib/python3.12/site-packages/airflow/example_dags/example_trigger_target_dag.py                                                        1           0  1.18s           2025-03-09T17:14:56                      43
/Users/sinler/Documents/GitHub/market-sentiment-analysis/.airflow/lib/python3.12/site-packages/airflow/example_dags/subdags/subdag.py                                                                    0           0  1.18s           2025-03-09T17:14:28                       3
/Users/sinler/Documents/GitHub/market-sentiment-analysis/.airflow/lib/python3.12/site-packages/airflow/example_dags/plugins/event_listener.py                                                            0           0  1.16s           2025-03-09T17:14:34                       3
/Users/sinler/Documents/GitHub/market-sentiment-analysis/.airflow/lib/python3.12/site-packages/airflow/example_dags/tutorial_taskflow_api.py                                                             1           0  1.11s           2025-03-09T17:14:41                      43
/Users/sinler/Documents/GitHub/market-sentiment-analysis/.airflow/lib/python3.12/site-packages/airflow/example_dags/tutorial_objectstorage.py                                                            1           0  1.10s           2025-03-09T17:14:44                      43
/Users/sinler/Documents/GitHub/market-sentiment-analysis/.airflow/lib/python3.12/site-packages/airflow/example_dags/example_time_delta_sensor_async.py                                                   1           0  1.09s           2025-03-09T17:15:00                      43
/Users/sinler/Documents/GitHub/market-sentiment-analysis/.airflow/lib/python3.12/site-packages/airflow/example_dags/tutorial_dag.py                                                                      1           0  1.08s           2025-03-09T17:14:46                      43
/Users/sinler/Documents/GitHub/market-sentiment-analysis/.airflow/lib/python3.12/site-packages/airflow/example_dags/plugins/workday.py                                                                   0           0  1.08s           2025-03-09T17:14:30                       3
/Users/sinler/Documents/GitHub/market-sentiment-analysis/.airflow/lib/python3.12/site-packages/airflow/example_dags/plugins/decreasing_priority_weight_strategy.py                                       0           0  1.03s           2025-03-09T17:14:36                       3
/Users/sinler/Documents/GitHub/market-sentiment-analysis/.airflow/lib/python3.12/site-packages/airflow/example_dags/example_latest_only.py                                                               0           0                                                            0
/Users/sinler/Documents/GitHub/market-sentiment-analysis/.airflow/lib/python3.12/site-packages/airflow/example_dags/example_local_kubernetes_executor.py                                                 0           0                                                            0
/Users/sinler/Documents/GitHub/market-sentiment-analysis/.airflow/lib/python3.12/site-packages/airflow/example_dags/example_task_group_decorator.py                                                      0           0                                                            0
/Users/sinler/Documents/GitHub/market-sentiment-analysis/.airflow/lib/python3.12/site-packages/airflow/example_dags/example_complex.py                                                                   0           0                                                            0
/Users/sinler/Documents/GitHub/market-sentiment-analysis/.airflow/lib/python3.12/site-packages/airflow/example_dags/example_python_operator.py                                                           0           0                                                            0
/Users/sinler/Documents/GitHub/market-sentiment-analysis/.airflow/lib/python3.12/site-packages/airflow/example_dags/example_params_trigger_ui.py                                                         0           0                                                            0
/Users/sinler/Documents/GitHub/market-sentiment-analysis/.airflow/lib/python3.12/site-packages/airflow/example_dags/example_external_task_marker_dag.py                                                  0           0                                                            0
/Users/sinler/Documents/GitHub/market-sentiment-analysis/.airflow/lib/python3.12/site-packages/airflow/example_dags/example_bash_operator.py                                                             0           0                                                            0
/Users/sinler/Documents/GitHub/market-sentiment-analysis/.airflow/lib/python3.12/site-packages/airflow/example_dags/example_dataset_alias.py                                                             0           0                                                            0
/Users/sinler/Documents/GitHub/market-sentiment-analysis/.airflow/lib/python3.12/site-packages/airflow/example_dags/example_short_circuit_operator.py                                                    0           0                                                            0
/Users/sinler/Documents/GitHub/market-sentiment-analysis/.airflow/lib/python3.12/site-packages/airflow/example_dags/example_setup_teardown.py                                                            0           0                                                            0
/Users/sinler/Documents/GitHub/market-sentiment-analysis/.airflow/lib/python3.12/site-packages/airflow/example_dags/example_branch_operator.py                                                           0           0                                                            0
/Users/sinler/Documents/GitHub/market-sentiment-analysis/.airflow/lib/python3.12/site-packages/airflow/example_dags/example_branch_labels.py                                                             0           0                                                            0
/Users/sinler/Documents/GitHub/market-sentiment-analysis/.airflow/lib/python3.12/site-packages/airflow/example_dags/example_task_group.py                                                                0           0                                                            0
/Users/sinler/Documents/GitHub/market-sentiment-analysis/.airflow/lib/python3.12/site-packages/airflow/example_dags/example_inlet_event_extra.py                                                         0           0                                                            0
/Users/sinler/Documents/GitHub/market-sentiment-analysis/.airflow/lib/python3.12/site-packages/airflow/example_dags/example_python_decorator.py                                                          0           0                                                            0
/Users/sinler/Documents/GitHub/market-sentiment-analysis/.airflow/lib/python3.12/site-packages/airflow/example_dags/example_sla_dag.py                                                                   0           0                                                            0
/Users/sinler/Documents/GitHub/market-sentiment-analysis/.airflow/lib/python3.12/site-packages/airflow/example_dags/example_passing_params_via_test_command.py                                           0           0                                                            0
/Users/sinler/Documents/GitHub/market-sentiment-analysis/.airflow/lib/python3.12/site-packages/airflow/example_dags/example_latest_only_with_trigger.py                                                  0           0                                                            0
/Users/sinler/Documents/GitHub/market-sentiment-analysis/.airflow/lib/python3.12/site-packages/airflow/example_dags/example_dataset_alias_with_no_taskflow.py                                            0           0                                                            0
/Users/sinler/Documents/GitHub/market-sentiment-analysis/.airflow/lib/python3.12/site-packages/airflow/example_dags/example_dag_decorator.py                                                             0           0                                                            0
/Users/sinler/Documents/GitHub/market-sentiment-analysis/.airflow/lib/python3.12/site-packages/airflow/example_dags/example_display_name.py                                                              0           0                                                            0
/Users/sinler/Documents/GitHub/market-sentiment-analysis/.airflow/lib/python3.12/site-packages/airflow/example_dags/example_branch_operator_decorator.py                                                 0           0                                                            0
/Users/sinler/Documents/GitHub/market-sentiment-analysis/.airflow/lib/python3.12/site-packages/airflow/example_dags/example_branch_day_of_week_operator.py                                               0           0                                                            0
/Users/sinler/Documents/GitHub/market-sentiment-analysis/.airflow/lib/python3.12/site-packages/airflow/example_dags/example_skip_dag.py                                                                  0           0                                                            0
/Users/sinler/Documents/GitHub/market-sentiment-analysis/.airflow/lib/python3.12/site-packages/airflow/example_dags/example_outlet_event_extra.py                                                        0           0                                                            0
/Users/sinler/Documents/GitHub/market-sentiment-analysis/.airflow/lib/python3.12/site-packages/airflow/example_dags/example_short_circuit_decorator.py                                                   0           0                                                            0
/Users/sinler/Documents/GitHub/market-sentiment-analysis/.airflow/lib/python3.12/site-packages/airflow/example_dags/example_datasets.py                                                                  0           0                                                            0
/Users/sinler/Documents/GitHub/market-sentiment-analysis/.airflow/lib/python3.12/site-packages/airflow/example_dags/example_bash_decorator.py                                                            0           0                                                            0
/Users/sinler/Documents/GitHub/market-sentiment-analysis/.airflow/lib/python3.12/site-packages/airflow/example_dags/example_sensor_decorator.py                                                          0           0                                                            0
/Users/sinler/Documents/GitHub/market-sentiment-analysis/.airflow/lib/python3.12/site-packages/airflow/example_dags/example_kubernetes_executor.py                                                       0           0                                                            0
/Users/sinler/Documents/GitHub/market-sentiment-analysis/.airflow/lib/python3.12/site-packages/airflow/example_dags/example_branch_python_dop_operator_3.py                                              0           0                                                            0
/Users/sinler/Documents/GitHub/market-sentiment-analysis/.airflow/lib/python3.12/site-packages/airflow/example_dags/example_sensors.py                                                                   0           0                                                            0
/Users/sinler/Documents/GitHub/market-sentiment-analysis/.airflow/lib/python3.12/site-packages/airflow/example_dags/example_setup_teardown_taskflow.py                                                   0           0                                                            0
/Users/sinler/Documents/GitHub/market-sentiment-analysis/.airflow/lib/python3.12/site-packages/airflow/example_dags/example_branch_datetime_operator.py                                                  0           0                                                            0
/Users/sinler/Documents/GitHub/market-sentiment-analysis/.airflow/lib/python3.12/site-packages/airflow/example_dags/example_nested_branch_dag.py                                                         0           0                                                            0
/Users/sinler/Documents/GitHub/market-sentiment-analysis/.airflow/lib/python3.12/site-packages/airflow/example_dags/example_subdag_operator.py                                                           0           0                                                            0
/Users/sinler/Documents/GitHub/market-sentiment-analysis/.airflow/lib/python3.12/site-packages/airflow/example_dags/example_dynamic_task_mapping_with_no_taskflow_operators.py                           0           0                                                            0
/Users/sinler/Documents/GitHub/market-sentiment-analysis/.airflow/lib/python3.12/site-packages/airflow/example_dags/example_params_ui_tutorial.py                                                        0           0                                                            0
/Users/sinler/Documents/GitHub/market-sentiment-analysis/.airflow/lib/python3.12/site-packages/airflow/example_dags/example_dynamic_task_mapping.py                                                      0           0                                                            0
================================================================================
[2025-03-10T01:15:30.451+0800] {manager.py:997} INFO - 
================================================================================
DAG File Processing Stats

File Path                                                                                                                                                                       PID    Runtime      # DAGs    # Errors  Last Runtime    Last Run               Last # of DB Queries
------------------------------------------------------------------------------------------------------------------------------------------------------------------------------  -----  ---------  --------  ----------  --------------  -------------------  ----------------------
/Users/sinler/Documents/GitHub/market-sentiment-analysis/.airflow/lib/python3.12/site-packages/airflow/example_dags/example_sensor_decorator.py                                                          1           0  1.78s           2025-03-09T17:15:23                      43
/Users/sinler/Documents/GitHub/market-sentiment-analysis/.airflow/lib/python3.12/site-packages/airflow/example_dags/example_task_group.py                                                                1           0  1.53s           2025-03-09T17:15:05                      43
/Users/sinler/Documents/GitHub/market-sentiment-analysis/.airflow/lib/python3.12/site-packages/airflow/example_dags/example_task_group_decorator.py                                                      1           0  1.38s           2025-03-09T17:15:02                      43
/Users/sinler/Documents/GitHub/market-sentiment-analysis/.airflow/lib/python3.12/site-packages/airflow/example_dags/example_params_ui_tutorial.py                                                        1           0  1.34s           2025-03-09T17:15:30                      43
/Users/sinler/Documents/GitHub/market-sentiment-analysis/.airflow/lib/python3.12/site-packages/airflow/example_dags/example_workday_timetable.py                                                         1           0  1.30s           2025-03-09T17:14:54                      45
/Users/sinler/Documents/GitHub/market-sentiment-analysis/.airflow/lib/python3.12/site-packages/airflow/example_dags/example_xcom.py                                                                      1           0  1.28s           2025-03-09T17:14:52                      45
/Users/sinler/Documents/GitHub/market-sentiment-analysis/.airflow/lib/python3.12/site-packages/airflow/example_dags/example_xcomargs.py                                                                  2           0  1.28s           2025-03-09T17:14:49                      79
/Users/sinler/Documents/GitHub/market-sentiment-analysis/.airflow/lib/python3.12/site-packages/airflow/example_dags/example_setup_teardown.py                                                            1           0  1.27s           2025-03-09T17:15:19                      43
/Users/sinler/Documents/GitHub/market-sentiment-analysis/.airflow/lib/python3.12/site-packages/airflow/example_dags/tutorial.py                                                                          1           0  1.27s           2025-03-09T17:14:47                      45
/Users/sinler/Documents/GitHub/market-sentiment-analysis/.airflow/lib/python3.12/site-packages/airflow/example_dags/tutorial_taskflow_templates.py                                                       1           0  1.26s           2025-03-09T17:14:38                      45
/Users/sinler/Documents/GitHub/market-sentiment-analysis/.airflow/lib/python3.12/site-packages/airflow/example_dags/example_short_circuit_decorator.py                                                   1           0  1.25s           2025-03-09T17:15:14                      43
/Users/sinler/Documents/GitHub/market-sentiment-analysis/.airflow/lib/python3.12/site-packages/airflow/example_dags/example_trigger_controller_dag.py                                                    1           0  1.25s           2025-03-09T17:14:58                      45
/Users/sinler/Documents/GitHub/market-sentiment-analysis/.airflow/lib/python3.12/site-packages/airflow/example_dags/example_skip_dag.py                                                                  1           0  1.25s           2025-03-09T17:15:11                      45
/Users/sinler/Documents/GitHub/market-sentiment-analysis/.airflow/lib/python3.12/site-packages/airflow/example_dags/tutorial_taskflow_api_virtualenv.py                                                  1           0  1.24s           2025-03-09T17:14:40                      43
/Users/sinler/Documents/GitHub/market-sentiment-analysis/.airflow/lib/python3.12/site-packages/airflow/example_dags/example_passing_params_via_test_command.py                                           1           0  1.24s           2025-03-09T17:15:29                      45
/Users/sinler/Documents/GitHub/market-sentiment-analysis/.airflow/lib/python3.12/site-packages/airflow/example_dags/plugins/listener_plugin.py                                                           0           0  1.23s           2025-03-09T17:14:32                       3
/Users/sinler/Documents/GitHub/market-sentiment-analysis/.airflow/lib/python3.12/site-packages/airflow/example_dags/example_subdag_operator.py                                                           3           0  1.22s           2025-03-09T17:15:07                      53
/Users/sinler/Documents/GitHub/market-sentiment-analysis/.airflow/lib/python3.12/site-packages/airflow/example_dags/example_setup_teardown_taskflow.py                                                   1           0  1.19s           2025-03-09T17:15:16                      43
/Users/sinler/Documents/GitHub/market-sentiment-analysis/.airflow/lib/python3.12/site-packages/airflow/example_dags/example_trigger_target_dag.py                                                        1           0  1.18s           2025-03-09T17:14:56                      43
/Users/sinler/Documents/GitHub/market-sentiment-analysis/.airflow/lib/python3.12/site-packages/airflow/example_dags/subdags/subdag.py                                                                    0           0  1.18s           2025-03-09T17:14:28                       3
/Users/sinler/Documents/GitHub/market-sentiment-analysis/.airflow/lib/python3.12/site-packages/airflow/example_dags/plugins/event_listener.py                                                            0           0  1.16s           2025-03-09T17:14:34                       3
/Users/sinler/Documents/GitHub/market-sentiment-analysis/.airflow/lib/python3.12/site-packages/airflow/example_dags/example_python_operator.py                                                           1           0  1.12s           2025-03-09T17:15:25                      43
/Users/sinler/Documents/GitHub/market-sentiment-analysis/.airflow/lib/python3.12/site-packages/airflow/example_dags/example_sla_dag.py                                                                   1           0  1.11s           2025-03-09T17:15:08                      45
/Users/sinler/Documents/GitHub/market-sentiment-analysis/.airflow/lib/python3.12/site-packages/airflow/example_dags/tutorial_taskflow_api.py                                                             1           0  1.11s           2025-03-09T17:14:41                      43
/Users/sinler/Documents/GitHub/market-sentiment-analysis/.airflow/lib/python3.12/site-packages/airflow/example_dags/tutorial_objectstorage.py                                                            1           0  1.10s           2025-03-09T17:14:44                      43
/Users/sinler/Documents/GitHub/market-sentiment-analysis/.airflow/lib/python3.12/site-packages/airflow/example_dags/example_time_delta_sensor_async.py                                                   1           0  1.09s           2025-03-09T17:15:00                      43
/Users/sinler/Documents/GitHub/market-sentiment-analysis/.airflow/lib/python3.12/site-packages/airflow/example_dags/tutorial_dag.py                                                                      1           0  1.08s           2025-03-09T17:14:46                      43
/Users/sinler/Documents/GitHub/market-sentiment-analysis/.airflow/lib/python3.12/site-packages/airflow/example_dags/example_sensors.py                                                                   1           0  1.08s           2025-03-09T17:15:20                      43
/Users/sinler/Documents/GitHub/market-sentiment-analysis/.airflow/lib/python3.12/site-packages/airflow/example_dags/plugins/workday.py                                                                   0           0  1.08s           2025-03-09T17:14:30                       3
/Users/sinler/Documents/GitHub/market-sentiment-analysis/.airflow/lib/python3.12/site-packages/airflow/example_dags/example_python_decorator.py                                                          1           0  1.07s           2025-03-09T17:15:26                      43
/Users/sinler/Documents/GitHub/market-sentiment-analysis/.airflow/lib/python3.12/site-packages/airflow/example_dags/example_short_circuit_operator.py                                                    1           0  1.07s           2025-03-09T17:15:13                      43
/Users/sinler/Documents/GitHub/market-sentiment-analysis/.airflow/lib/python3.12/site-packages/airflow/example_dags/plugins/decreasing_priority_weight_strategy.py                                       0           0  1.03s           2025-03-09T17:14:36                       3
/Users/sinler/Documents/GitHub/market-sentiment-analysis/.airflow/lib/python3.12/site-packages/airflow/example_dags/example_latest_only.py                                                               0           0                                                            0
/Users/sinler/Documents/GitHub/market-sentiment-analysis/.airflow/lib/python3.12/site-packages/airflow/example_dags/example_local_kubernetes_executor.py                                                 0           0                                                            0
/Users/sinler/Documents/GitHub/market-sentiment-analysis/.airflow/lib/python3.12/site-packages/airflow/example_dags/example_complex.py                                                                   0           0                                                            0
/Users/sinler/Documents/GitHub/market-sentiment-analysis/.airflow/lib/python3.12/site-packages/airflow/example_dags/example_params_trigger_ui.py                                                         0           0                                                            0
/Users/sinler/Documents/GitHub/market-sentiment-analysis/.airflow/lib/python3.12/site-packages/airflow/example_dags/example_external_task_marker_dag.py                                                  0           0                                                            0
/Users/sinler/Documents/GitHub/market-sentiment-analysis/.airflow/lib/python3.12/site-packages/airflow/example_dags/example_bash_operator.py                                                             0           0                                                            0
/Users/sinler/Documents/GitHub/market-sentiment-analysis/.airflow/lib/python3.12/site-packages/airflow/example_dags/example_dataset_alias.py                                                             0           0                                                            0
/Users/sinler/Documents/GitHub/market-sentiment-analysis/.airflow/lib/python3.12/site-packages/airflow/example_dags/example_branch_operator.py                                                           0           0                                                            0
/Users/sinler/Documents/GitHub/market-sentiment-analysis/.airflow/lib/python3.12/site-packages/airflow/example_dags/example_branch_labels.py                                                             0           0                                                            0
/Users/sinler/Documents/GitHub/market-sentiment-analysis/.airflow/lib/python3.12/site-packages/airflow/example_dags/example_inlet_event_extra.py                                                         0           0                                                            0
/Users/sinler/Documents/GitHub/market-sentiment-analysis/.airflow/lib/python3.12/site-packages/airflow/example_dags/example_latest_only_with_trigger.py                                                  0           0                                                            0
/Users/sinler/Documents/GitHub/market-sentiment-analysis/.airflow/lib/python3.12/site-packages/airflow/example_dags/example_dataset_alias_with_no_taskflow.py                                            0           0                                                            0
/Users/sinler/Documents/GitHub/market-sentiment-analysis/.airflow/lib/python3.12/site-packages/airflow/example_dags/example_dag_decorator.py                                                             0           0                                                            0
/Users/sinler/Documents/GitHub/market-sentiment-analysis/.airflow/lib/python3.12/site-packages/airflow/example_dags/example_display_name.py                                                              0           0                                                            0
/Users/sinler/Documents/GitHub/market-sentiment-analysis/.airflow/lib/python3.12/site-packages/airflow/example_dags/example_branch_operator_decorator.py                                                 0           0                                                            0
/Users/sinler/Documents/GitHub/market-sentiment-analysis/.airflow/lib/python3.12/site-packages/airflow/example_dags/example_branch_day_of_week_operator.py                                               0           0                                                            0
/Users/sinler/Documents/GitHub/market-sentiment-analysis/.airflow/lib/python3.12/site-packages/airflow/example_dags/example_outlet_event_extra.py                                                        0           0                                                            0
/Users/sinler/Documents/GitHub/market-sentiment-analysis/.airflow/lib/python3.12/site-packages/airflow/example_dags/example_datasets.py                                                                  0           0                                                            0
/Users/sinler/Documents/GitHub/market-sentiment-analysis/.airflow/lib/python3.12/site-packages/airflow/example_dags/example_bash_decorator.py                                                            0           0                                                            0
/Users/sinler/Documents/GitHub/market-sentiment-analysis/.airflow/lib/python3.12/site-packages/airflow/example_dags/example_kubernetes_executor.py                                                       0           0                                                            0
/Users/sinler/Documents/GitHub/market-sentiment-analysis/.airflow/lib/python3.12/site-packages/airflow/example_dags/example_branch_python_dop_operator_3.py                                              0           0                                                            0
/Users/sinler/Documents/GitHub/market-sentiment-analysis/.airflow/lib/python3.12/site-packages/airflow/example_dags/example_branch_datetime_operator.py                                                  0           0                                                            0
/Users/sinler/Documents/GitHub/market-sentiment-analysis/.airflow/lib/python3.12/site-packages/airflow/example_dags/example_nested_branch_dag.py                                                         0           0                                                            0
/Users/sinler/Documents/GitHub/market-sentiment-analysis/.airflow/lib/python3.12/site-packages/airflow/example_dags/example_dynamic_task_mapping_with_no_taskflow_operators.py                           0           0                                                            0
/Users/sinler/Documents/GitHub/market-sentiment-analysis/.airflow/lib/python3.12/site-packages/airflow/example_dags/example_dynamic_task_mapping.py                                                      0           0                                                            0
================================================================================
[2025-03-10T01:16:02.764+0800] {manager.py:997} INFO - 
================================================================================
DAG File Processing Stats

File Path                                                                                                                                                                       PID    Runtime      # DAGs    # Errors  Last Runtime    Last Run               Last # of DB Queries
------------------------------------------------------------------------------------------------------------------------------------------------------------------------------  -----  ---------  --------  ----------  --------------  -------------------  ----------------------
/Users/sinler/Documents/GitHub/market-sentiment-analysis/.airflow/lib/python3.12/site-packages/airflow/example_dags/example_sensor_decorator.py                                                          1           0  1.78s           2025-03-09T17:15:23                      43
/Users/sinler/Documents/GitHub/market-sentiment-analysis/.airflow/lib/python3.12/site-packages/airflow/example_dags/example_datasets.py                                                                 10           0  1.66s           2025-03-09T17:15:57                     379
/Users/sinler/Documents/GitHub/market-sentiment-analysis/.airflow/lib/python3.12/site-packages/airflow/example_dags/example_inlet_event_extra.py                                                         2           0  1.57s           2025-03-09T17:15:47                      81
/Users/sinler/Documents/GitHub/market-sentiment-analysis/.airflow/lib/python3.12/site-packages/airflow/example_dags/example_display_name.py                                                              1           0  1.56s           2025-03-09T17:15:56                      43
/Users/sinler/Documents/GitHub/market-sentiment-analysis/.airflow/lib/python3.12/site-packages/airflow/example_dags/example_task_group.py                                                                1           0  1.53s           2025-03-09T17:15:05                      43
/Users/sinler/Documents/GitHub/market-sentiment-analysis/.airflow/lib/python3.12/site-packages/airflow/example_dags/example_dataset_alias.py                                                             4           0  1.49s           2025-03-09T17:16:02                     157
/Users/sinler/Documents/GitHub/market-sentiment-analysis/.airflow/lib/python3.12/site-packages/airflow/example_dags/example_params_trigger_ui.py                                                         1           0  1.42s           2025-03-09T17:15:32                      43
/Users/sinler/Documents/GitHub/market-sentiment-analysis/.airflow/lib/python3.12/site-packages/airflow/example_dags/example_task_group_decorator.py                                                      1           0  1.38s           2025-03-09T17:15:02                      43
/Users/sinler/Documents/GitHub/market-sentiment-analysis/.airflow/lib/python3.12/site-packages/airflow/example_dags/example_nested_branch_dag.py                                                         1           0  1.35s           2025-03-09T17:15:37                      45
/Users/sinler/Documents/GitHub/market-sentiment-analysis/.airflow/lib/python3.12/site-packages/airflow/example_dags/example_params_ui_tutorial.py                                                        1           0  1.34s           2025-03-09T17:15:30                      43
/Users/sinler/Documents/GitHub/market-sentiment-analysis/.airflow/lib/python3.12/site-packages/airflow/example_dags/example_outlet_event_extra.py                                                        3           0  1.34s           2025-03-09T17:15:35                     118
/Users/sinler/Documents/GitHub/market-sentiment-analysis/.airflow/lib/python3.12/site-packages/airflow/example_dags/example_dataset_alias_with_no_taskflow.py                                            4           0  1.31s           2025-03-09T17:16:00                     157
/Users/sinler/Documents/GitHub/market-sentiment-analysis/.airflow/lib/python3.12/site-packages/airflow/example_dags/example_workday_timetable.py                                                         1           0  1.30s           2025-03-09T17:14:54                      45
/Users/sinler/Documents/GitHub/market-sentiment-analysis/.airflow/lib/python3.12/site-packages/airflow/example_dags/example_xcom.py                                                                      1           0  1.28s           2025-03-09T17:14:52                      45
/Users/sinler/Documents/GitHub/market-sentiment-analysis/.airflow/lib/python3.12/site-packages/airflow/example_dags/example_xcomargs.py                                                                  2           0  1.28s           2025-03-09T17:14:49                      79
/Users/sinler/Documents/GitHub/market-sentiment-analysis/.airflow/lib/python3.12/site-packages/airflow/example_dags/example_setup_teardown.py                                                            1           0  1.27s           2025-03-09T17:15:19                      43
/Users/sinler/Documents/GitHub/market-sentiment-analysis/.airflow/lib/python3.12/site-packages/airflow/example_dags/tutorial.py                                                                          1           0  1.27s           2025-03-09T17:14:47                      45
/Users/sinler/Documents/GitHub/market-sentiment-analysis/.airflow/lib/python3.12/site-packages/airflow/example_dags/tutorial_taskflow_templates.py                                                       1           0  1.26s           2025-03-09T17:14:38                      45
/Users/sinler/Documents/GitHub/market-sentiment-analysis/.airflow/lib/python3.12/site-packages/airflow/example_dags/example_short_circuit_decorator.py                                                   1           0  1.25s           2025-03-09T17:15:14                      43
/Users/sinler/Documents/GitHub/market-sentiment-analysis/.airflow/lib/python3.12/site-packages/airflow/example_dags/example_trigger_controller_dag.py                                                    1           0  1.25s           2025-03-09T17:14:58                      45
/Users/sinler/Documents/GitHub/market-sentiment-analysis/.airflow/lib/python3.12/site-packages/airflow/example_dags/example_skip_dag.py                                                                  1           0  1.25s           2025-03-09T17:15:11                      45
/Users/sinler/Documents/GitHub/market-sentiment-analysis/.airflow/lib/python3.12/site-packages/airflow/example_dags/tutorial_taskflow_api_virtualenv.py                                                  1           0  1.24s           2025-03-09T17:14:40                      43
/Users/sinler/Documents/GitHub/market-sentiment-analysis/.airflow/lib/python3.12/site-packages/airflow/example_dags/example_passing_params_via_test_command.py                                           1           0  1.24s           2025-03-09T17:15:29                      45
/Users/sinler/Documents/GitHub/market-sentiment-analysis/.airflow/lib/python3.12/site-packages/airflow/example_dags/plugins/listener_plugin.py                                                           0           0  1.23s           2025-03-09T17:14:32                       3
/Users/sinler/Documents/GitHub/market-sentiment-analysis/.airflow/lib/python3.12/site-packages/airflow/example_dags/example_dynamic_task_mapping.py                                                      1           0  1.23s           2025-03-09T17:15:53                      43
/Users/sinler/Documents/GitHub/market-sentiment-analysis/.airflow/lib/python3.12/site-packages/airflow/example_dags/example_subdag_operator.py                                                           3           0  1.22s           2025-03-09T17:15:07                      53
/Users/sinler/Documents/GitHub/market-sentiment-analysis/.airflow/lib/python3.12/site-packages/airflow/example_dags/example_setup_teardown_taskflow.py                                                   1           0  1.19s           2025-03-09T17:15:16                      43
/Users/sinler/Documents/GitHub/market-sentiment-analysis/.airflow/lib/python3.12/site-packages/airflow/example_dags/example_trigger_target_dag.py                                                        1           0  1.18s           2025-03-09T17:14:56                      43
/Users/sinler/Documents/GitHub/market-sentiment-analysis/.airflow/lib/python3.12/site-packages/airflow/example_dags/subdags/subdag.py                                                                    0           0  1.18s           2025-03-09T17:14:28                       3
/Users/sinler/Documents/GitHub/market-sentiment-analysis/.airflow/lib/python3.12/site-packages/airflow/example_dags/plugins/event_listener.py                                                            0           0  1.16s           2025-03-09T17:14:34                       3
/Users/sinler/Documents/GitHub/market-sentiment-analysis/.airflow/lib/python3.12/site-packages/airflow/example_dags/example_external_task_marker_dag.py                                                  2           0  1.13s           2025-03-09T17:15:49                      79
/Users/sinler/Documents/GitHub/market-sentiment-analysis/.airflow/lib/python3.12/site-packages/airflow/example_dags/example_latest_only.py                                                               1           0  1.13s           2025-03-09T17:15:43                      45
/Users/sinler/Documents/GitHub/market-sentiment-analysis/.airflow/lib/python3.12/site-packages/airflow/example_dags/example_kubernetes_executor.py                                                       0           0  1.13s           2025-03-09T17:15:45                       3
/Users/sinler/Documents/GitHub/market-sentiment-analysis/.airflow/lib/python3.12/site-packages/airflow/example_dags/example_python_operator.py                                                           1           0  1.12s           2025-03-09T17:15:25                      43
/Users/sinler/Documents/GitHub/market-sentiment-analysis/.airflow/lib/python3.12/site-packages/airflow/example_dags/example_sla_dag.py                                                                   1           0  1.11s           2025-03-09T17:15:08                      45
/Users/sinler/Documents/GitHub/market-sentiment-analysis/.airflow/lib/python3.12/site-packages/airflow/example_dags/tutorial_taskflow_api.py                                                             1           0  1.11s           2025-03-09T17:14:41                      43
/Users/sinler/Documents/GitHub/market-sentiment-analysis/.airflow/lib/python3.12/site-packages/airflow/example_dags/tutorial_objectstorage.py                                                            1           0  1.10s           2025-03-09T17:14:44                      43
/Users/sinler/Documents/GitHub/market-sentiment-analysis/.airflow/lib/python3.12/site-packages/airflow/example_dags/example_time_delta_sensor_async.py                                                   1           0  1.09s           2025-03-09T17:15:00                      43
/Users/sinler/Documents/GitHub/market-sentiment-analysis/.airflow/lib/python3.12/site-packages/airflow/example_dags/example_dynamic_task_mapping_with_no_taskflow_operators.py                           1           0  1.09s           2025-03-09T17:15:51                      43
/Users/sinler/Documents/GitHub/market-sentiment-analysis/.airflow/lib/python3.12/site-packages/airflow/example_dags/tutorial_dag.py                                                                      1           0  1.08s           2025-03-09T17:14:46                      43
/Users/sinler/Documents/GitHub/market-sentiment-analysis/.airflow/lib/python3.12/site-packages/airflow/example_dags/example_sensors.py                                                                   1           0  1.08s           2025-03-09T17:15:20                      43
/Users/sinler/Documents/GitHub/market-sentiment-analysis/.airflow/lib/python3.12/site-packages/airflow/example_dags/plugins/workday.py                                                                   0           0  1.08s           2025-03-09T17:14:30                       3
/Users/sinler/Documents/GitHub/market-sentiment-analysis/.airflow/lib/python3.12/site-packages/airflow/example_dags/example_latest_only_with_trigger.py                                                  1           0  1.08s           2025-03-09T17:15:41                      45
/Users/sinler/Documents/GitHub/market-sentiment-analysis/.airflow/lib/python3.12/site-packages/airflow/example_dags/example_python_decorator.py                                                          1           0  1.07s           2025-03-09T17:15:26                      43
/Users/sinler/Documents/GitHub/market-sentiment-analysis/.airflow/lib/python3.12/site-packages/airflow/example_dags/example_short_circuit_operator.py                                                    1           0  1.07s           2025-03-09T17:15:13                      43
/Users/sinler/Documents/GitHub/market-sentiment-analysis/.airflow/lib/python3.12/site-packages/airflow/example_dags/plugins/decreasing_priority_weight_strategy.py                                       0           0  1.03s           2025-03-09T17:14:36                       3
/Users/sinler/Documents/GitHub/market-sentiment-analysis/.airflow/lib/python3.12/site-packages/airflow/example_dags/example_local_kubernetes_executor.py                                                 0           0  0.98s           2025-03-09T17:15:38                       3
/Users/sinler/Documents/GitHub/market-sentiment-analysis/.airflow/lib/python3.12/site-packages/airflow/example_dags/example_complex.py                                                                   0           0                                                            0
/Users/sinler/Documents/GitHub/market-sentiment-analysis/.airflow/lib/python3.12/site-packages/airflow/example_dags/example_bash_operator.py                                                             0           0                                                            0
/Users/sinler/Documents/GitHub/market-sentiment-analysis/.airflow/lib/python3.12/site-packages/airflow/example_dags/example_branch_operator.py                                                           0           0                                                            0
/Users/sinler/Documents/GitHub/market-sentiment-analysis/.airflow/lib/python3.12/site-packages/airflow/example_dags/example_branch_labels.py                                                             0           0                                                            0
/Users/sinler/Documents/GitHub/market-sentiment-analysis/.airflow/lib/python3.12/site-packages/airflow/example_dags/example_dag_decorator.py                                                             0           0                                                            0
/Users/sinler/Documents/GitHub/market-sentiment-analysis/.airflow/lib/python3.12/site-packages/airflow/example_dags/example_branch_operator_decorator.py                                                 0           0                                                            0
/Users/sinler/Documents/GitHub/market-sentiment-analysis/.airflow/lib/python3.12/site-packages/airflow/example_dags/example_branch_day_of_week_operator.py                                               0           0                                                            0
/Users/sinler/Documents/GitHub/market-sentiment-analysis/.airflow/lib/python3.12/site-packages/airflow/example_dags/example_bash_decorator.py                                                            0           0                                                            0
/Users/sinler/Documents/GitHub/market-sentiment-analysis/.airflow/lib/python3.12/site-packages/airflow/example_dags/example_branch_python_dop_operator_3.py                                              0           0                                                            0
/Users/sinler/Documents/GitHub/market-sentiment-analysis/.airflow/lib/python3.12/site-packages/airflow/example_dags/example_branch_datetime_operator.py                                                  0           0                                                            0
================================================================================
[2025-03-10T01:16:33.436+0800] {manager.py:997} INFO - 
================================================================================
DAG File Processing Stats

File Path                                                                                                                                                                       PID    Runtime      # DAGs    # Errors  Last Runtime    Last Run               Last # of DB Queries
------------------------------------------------------------------------------------------------------------------------------------------------------------------------------  -----  ---------  --------  ----------  --------------  -------------------  ----------------------
/Users/sinler/Documents/GitHub/market-sentiment-analysis/.airflow/lib/python3.12/site-packages/airflow/example_dags/plugins/workday.py                                                                   0           0  2.02s           2025-03-09T17:16:28                       3
/Users/sinler/Documents/GitHub/market-sentiment-analysis/.airflow/lib/python3.12/site-packages/airflow/example_dags/example_sensor_decorator.py                                                          1           0  1.78s           2025-03-09T17:15:23                      43
/Users/sinler/Documents/GitHub/market-sentiment-analysis/.airflow/lib/python3.12/site-packages/airflow/example_dags/example_datasets.py                                                                 10           0  1.66s           2025-03-09T17:15:57                     379
/Users/sinler/Documents/GitHub/market-sentiment-analysis/.airflow/lib/python3.12/site-packages/airflow/example_dags/example_inlet_event_extra.py                                                         2           0  1.57s           2025-03-09T17:15:47                      81
/Users/sinler/Documents/GitHub/market-sentiment-analysis/.airflow/lib/python3.12/site-packages/airflow/example_dags/example_display_name.py                                                              1           0  1.56s           2025-03-09T17:15:56                      43
/Users/sinler/Documents/GitHub/market-sentiment-analysis/.airflow/lib/python3.12/site-packages/airflow/example_dags/example_task_group.py                                                                1           0  1.53s           2025-03-09T17:15:05                      43
/Users/sinler/Documents/GitHub/market-sentiment-analysis/.airflow/lib/python3.12/site-packages/airflow/example_dags/example_branch_operator_decorator.py                                                 1           0  1.52s           2025-03-09T17:16:10                      45
/Users/sinler/Documents/GitHub/market-sentiment-analysis/.airflow/lib/python3.12/site-packages/airflow/example_dags/example_dataset_alias.py                                                             4           0  1.49s           2025-03-09T17:16:02                     157
/Users/sinler/Documents/GitHub/market-sentiment-analysis/.airflow/lib/python3.12/site-packages/airflow/example_dags/example_params_trigger_ui.py                                                         1           0  1.42s           2025-03-09T17:15:32                      43
/Users/sinler/Documents/GitHub/market-sentiment-analysis/.airflow/lib/python3.12/site-packages/airflow/example_dags/example_branch_datetime_operator.py                                                  3           0  1.38s           2025-03-09T17:16:19                     117
/Users/sinler/Documents/GitHub/market-sentiment-analysis/.airflow/lib/python3.12/site-packages/airflow/example_dags/example_task_group_decorator.py                                                      1           0  1.38s           2025-03-09T17:15:02                      43
/Users/sinler/Documents/GitHub/market-sentiment-analysis/.airflow/lib/python3.12/site-packages/airflow/example_dags/example_bash_decorator.py                                                            1           0  1.35s           2025-03-09T17:16:23                      43
/Users/sinler/Documents/GitHub/market-sentiment-analysis/.airflow/lib/python3.12/site-packages/airflow/example_dags/example_dag_decorator.py                                                             1           0  1.35s           2025-03-09T17:16:04                      43
/Users/sinler/Documents/GitHub/market-sentiment-analysis/.airflow/lib/python3.12/site-packages/airflow/example_dags/example_nested_branch_dag.py                                                         1           0  1.35s           2025-03-09T17:15:37                      45
/Users/sinler/Documents/GitHub/market-sentiment-analysis/.airflow/lib/python3.12/site-packages/airflow/example_dags/example_params_ui_tutorial.py                                                        1           0  1.34s           2025-03-09T17:15:30                      43
/Users/sinler/Documents/GitHub/market-sentiment-analysis/.airflow/lib/python3.12/site-packages/airflow/example_dags/example_outlet_event_extra.py                                                        3           0  1.34s           2025-03-09T17:15:35                     118
/Users/sinler/Documents/GitHub/market-sentiment-analysis/.airflow/lib/python3.12/site-packages/airflow/example_dags/example_complex.py                                                                   1           0  1.34s           2025-03-09T17:16:06                      43
/Users/sinler/Documents/GitHub/market-sentiment-analysis/.airflow/lib/python3.12/site-packages/airflow/example_dags/plugins/listener_plugin.py                                                           0           0  1.33s           2025-03-09T17:16:31                       3
/Users/sinler/Documents/GitHub/market-sentiment-analysis/.airflow/lib/python3.12/site-packages/airflow/example_dags/example_branch_day_of_week_operator.py                                               1           0  1.31s           2025-03-09T17:16:17                      45
/Users/sinler/Documents/GitHub/market-sentiment-analysis/.airflow/lib/python3.12/site-packages/airflow/example_dags/example_dataset_alias_with_no_taskflow.py                                            4           0  1.31s           2025-03-09T17:16:00                     157
/Users/sinler/Documents/GitHub/market-sentiment-analysis/.airflow/lib/python3.12/site-packages/airflow/example_dags/example_workday_timetable.py                                                         1           0  1.30s           2025-03-09T17:14:54                      45
/Users/sinler/Documents/GitHub/market-sentiment-analysis/.airflow/lib/python3.12/site-packages/airflow/example_dags/example_branch_python_dop_operator_3.py                                              1           0  1.30s           2025-03-09T17:16:09                      45
/Users/sinler/Documents/GitHub/market-sentiment-analysis/.airflow/lib/python3.12/site-packages/airflow/example_dags/example_xcom.py                                                                      1           0  1.28s           2025-03-09T17:14:52                      45
/Users/sinler/Documents/GitHub/market-sentiment-analysis/.airflow/lib/python3.12/site-packages/airflow/example_dags/example_xcomargs.py                                                                  2           0  1.28s           2025-03-09T17:14:49                      79
/Users/sinler/Documents/GitHub/market-sentiment-analysis/.airflow/lib/python3.12/site-packages/airflow/example_dags/example_setup_teardown.py                                                            1           0  1.27s           2025-03-09T17:15:19                      43
/Users/sinler/Documents/GitHub/market-sentiment-analysis/.airflow/lib/python3.12/site-packages/airflow/example_dags/tutorial.py                                                                          1           0  1.27s           2025-03-09T17:14:47                      45
/Users/sinler/Documents/GitHub/market-sentiment-analysis/.airflow/lib/python3.12/site-packages/airflow/example_dags/tutorial_taskflow_templates.py                                                       1           0  1.26s           2025-03-09T17:14:38                      45
/Users/sinler/Documents/GitHub/market-sentiment-analysis/.airflow/lib/python3.12/site-packages/airflow/example_dags/example_short_circuit_decorator.py                                                   1           0  1.25s           2025-03-09T17:15:14                      43
/Users/sinler/Documents/GitHub/market-sentiment-analysis/.airflow/lib/python3.12/site-packages/airflow/example_dags/example_trigger_controller_dag.py                                                    1           0  1.25s           2025-03-09T17:14:58                      45
/Users/sinler/Documents/GitHub/market-sentiment-analysis/.airflow/lib/python3.12/site-packages/airflow/example_dags/example_skip_dag.py                                                                  1           0  1.25s           2025-03-09T17:15:11                      45
/Users/sinler/Documents/GitHub/market-sentiment-analysis/.airflow/lib/python3.12/site-packages/airflow/example_dags/subdags/subdag.py                                                                    0           0  1.24s           2025-03-09T17:16:25                       3
/Users/sinler/Documents/GitHub/market-sentiment-analysis/.airflow/lib/python3.12/site-packages/airflow/example_dags/tutorial_taskflow_api_virtualenv.py                                                  1           0  1.24s           2025-03-09T17:14:40                      43
/Users/sinler/Documents/GitHub/market-sentiment-analysis/.airflow/lib/python3.12/site-packages/airflow/example_dags/example_passing_params_via_test_command.py                                           1           0  1.24s           2025-03-09T17:15:29                      45
/Users/sinler/Documents/GitHub/market-sentiment-analysis/.airflow/lib/python3.12/site-packages/airflow/example_dags/example_branch_operator.py                                                           1           0  1.23s           2025-03-09T17:16:13                      45
/Users/sinler/Documents/GitHub/market-sentiment-analysis/.airflow/lib/python3.12/site-packages/airflow/example_dags/example_dynamic_task_mapping.py                                                      1           0  1.23s           2025-03-09T17:15:53                      43
/Users/sinler/Documents/GitHub/market-sentiment-analysis/.airflow/lib/python3.12/site-packages/airflow/example_dags/example_subdag_operator.py                                                           3           0  1.22s           2025-03-09T17:15:07                      53
/Users/sinler/Documents/GitHub/market-sentiment-analysis/.airflow/lib/python3.12/site-packages/airflow/example_dags/example_setup_teardown_taskflow.py                                                   1           0  1.19s           2025-03-09T17:15:16                      43
/Users/sinler/Documents/GitHub/market-sentiment-analysis/.airflow/lib/python3.12/site-packages/airflow/example_dags/example_trigger_target_dag.py                                                        1           0  1.18s           2025-03-09T17:14:56                      43
/Users/sinler/Documents/GitHub/market-sentiment-analysis/.airflow/lib/python3.12/site-packages/airflow/example_dags/plugins/event_listener.py                                                            0           0  1.18s           2025-03-09T17:16:33                       3
/Users/sinler/Documents/GitHub/market-sentiment-analysis/.airflow/lib/python3.12/site-packages/airflow/example_dags/example_external_task_marker_dag.py                                                  2           0  1.13s           2025-03-09T17:15:49                      79
/Users/sinler/Documents/GitHub/market-sentiment-analysis/.airflow/lib/python3.12/site-packages/airflow/example_dags/example_latest_only.py                                                               1           0  1.13s           2025-03-09T17:15:43                      45
/Users/sinler/Documents/GitHub/market-sentiment-analysis/.airflow/lib/python3.12/site-packages/airflow/example_dags/example_kubernetes_executor.py                                                       0           0  1.13s           2025-03-09T17:15:45                       3
/Users/sinler/Documents/GitHub/market-sentiment-analysis/.airflow/lib/python3.12/site-packages/airflow/example_dags/example_python_operator.py                                                           1           0  1.12s           2025-03-09T17:15:25                      43
/Users/sinler/Documents/GitHub/market-sentiment-analysis/.airflow/lib/python3.12/site-packages/airflow/example_dags/example_sla_dag.py                                                                   1           0  1.11s           2025-03-09T17:15:08                      45
/Users/sinler/Documents/GitHub/market-sentiment-analysis/.airflow/lib/python3.12/site-packages/airflow/example_dags/tutorial_taskflow_api.py                                                             1           0  1.11s           2025-03-09T17:14:41                      43
/Users/sinler/Documents/GitHub/market-sentiment-analysis/.airflow/lib/python3.12/site-packages/airflow/example_dags/tutorial_objectstorage.py                                                            1           0  1.10s           2025-03-09T17:14:44                      43
/Users/sinler/Documents/GitHub/market-sentiment-analysis/.airflow/lib/python3.12/site-packages/airflow/example_dags/example_branch_labels.py                                                             1           0  1.09s           2025-03-09T17:16:15                      45
/Users/sinler/Documents/GitHub/market-sentiment-analysis/.airflow/lib/python3.12/site-packages/airflow/example_dags/example_time_delta_sensor_async.py                                                   1           0  1.09s           2025-03-09T17:15:00                      43
/Users/sinler/Documents/GitHub/market-sentiment-analysis/.airflow/lib/python3.12/site-packages/airflow/example_dags/example_bash_operator.py                                                             1           0  1.09s           2025-03-09T17:16:21                      45
/Users/sinler/Documents/GitHub/market-sentiment-analysis/.airflow/lib/python3.12/site-packages/airflow/example_dags/example_dynamic_task_mapping_with_no_taskflow_operators.py                           1           0  1.09s           2025-03-09T17:15:51                      43
/Users/sinler/Documents/GitHub/market-sentiment-analysis/.airflow/lib/python3.12/site-packages/airflow/example_dags/tutorial_dag.py                                                                      1           0  1.08s           2025-03-09T17:14:46                      43
/Users/sinler/Documents/GitHub/market-sentiment-analysis/.airflow/lib/python3.12/site-packages/airflow/example_dags/example_sensors.py                                                                   1           0  1.08s           2025-03-09T17:15:20                      43
/Users/sinler/Documents/GitHub/market-sentiment-analysis/.airflow/lib/python3.12/site-packages/airflow/example_dags/example_latest_only_with_trigger.py                                                  1           0  1.08s           2025-03-09T17:15:41                      45
/Users/sinler/Documents/GitHub/market-sentiment-analysis/.airflow/lib/python3.12/site-packages/airflow/example_dags/example_python_decorator.py                                                          1           0  1.07s           2025-03-09T17:15:26                      43
/Users/sinler/Documents/GitHub/market-sentiment-analysis/.airflow/lib/python3.12/site-packages/airflow/example_dags/example_short_circuit_operator.py                                                    1           0  1.07s           2025-03-09T17:15:13                      43
/Users/sinler/Documents/GitHub/market-sentiment-analysis/.airflow/lib/python3.12/site-packages/airflow/example_dags/plugins/decreasing_priority_weight_strategy.py                                       0           0  1.03s           2025-03-09T17:14:36                       3
/Users/sinler/Documents/GitHub/market-sentiment-analysis/.airflow/lib/python3.12/site-packages/airflow/example_dags/example_local_kubernetes_executor.py                                                 0           0  0.98s           2025-03-09T17:15:38                       3
================================================================================
