[2025-03-14T13:32:03.602+0000] {processor.py:186} INFO - Started process (PID=101) to work on /home/airflow/.local/lib/python3.12/site-packages/airflow/example_dags/example_datasets.py
[2025-03-14T13:32:03.616+0000] {processor.py:914} INFO - Processing file /home/airflow/.local/lib/python3.12/site-packages/airflow/example_dags/example_datasets.py for tasks to queue
[2025-03-14T13:32:03.630+0000] {logging_mixin.py:190} INFO - [2025-03-14T13:32:03.627+0000] {dagbag.py:588} INFO - Filling up the DagBag from /home/airflow/.local/lib/python3.12/site-packages/airflow/example_dags/example_datasets.py
[2025-03-14T13:32:35.089+0000] {logging_mixin.py:190} INFO - [2025-03-14T13:32:34.986+0000] {timeout.py:68} ERROR - Process timed out, PID: 101
[2025-03-14T13:32:35.097+0000] {logging_mixin.py:190} WARNING - Exception ignored in: <function WeakKeyDictionary.__init__.<locals>.remove at 0xffff836fd6c0>
[2025-03-14T13:32:35.121+0000] {logging_mixin.py:190} WARNING - Traceback (most recent call last):
[2025-03-14T13:32:35.125+0000] {logging_mixin.py:190} WARNING -   File "/usr/local/lib/python3.12/weakref.py", line 369, in remove
[2025-03-14T13:32:35.166+0000] {logging_mixin.py:190} WARNING -     def remove(k, selfref=ref(self)):
[2025-03-14T13:32:35.168+0000] {logging_mixin.py:190} WARNING -   File "/home/airflow/.local/lib/python3.12/site-packages/airflow/utils/timeout.py", line 69, in handle_timeout
[2025-03-14T13:32:35.182+0000] {logging_mixin.py:190} WARNING -     raise AirflowTaskTimeout(self.error_message)
[2025-03-14T13:32:35.191+0000] {logging_mixin.py:190} WARNING - airflow.exceptions.AirflowTaskTimeout: DagBag import timeout for /home/airflow/.local/lib/python3.12/site-packages/airflow/example_dags/example_datasets.py after 30.0s.
Please take a look at these docs to improve your DAG import time:
* https://airflow.apache.org/docs/apache-airflow/2.10.5/best-practices.html#top-level-python-code
* https://airflow.apache.org/docs/apache-airflow/2.10.5/best-practices.html#reducing-dag-complexity, PID: 101
[2025-03-14T13:32:36.986+0000] {processor.py:925} INFO - DAG(s) 'conditional_dataset_and_time_based_timetable', 'dataset_consumes_1', 'dataset_produces_1', 'dataset_consumes_1_never_scheduled', 'consume_1_or_2_with_dataset_expressions', 'consume_1_or_both_2_and_3_with_dataset_expressions', 'dataset_produces_2', 'dataset_consumes_1_and_2', 'consume_1_and_2_with_dataset_expressions', 'dataset_consumes_unknown_never_scheduled' retrieved from /home/airflow/.local/lib/python3.12/site-packages/airflow/example_dags/example_datasets.py
[2025-03-14T13:32:37.721+0000] {logging_mixin.py:190} INFO - [2025-03-14T13:32:37.715+0000] {dag.py:3239} INFO - Sync 10 DAGs
[2025-03-14T13:32:37.959+0000] {logging_mixin.py:190} INFO - [2025-03-14T13:32:37.959+0000] {dag.py:4180} INFO - Setting next_dagrun for conditional_dataset_and_time_based_timetable to 2025-03-12 01:00:00+00:00, run_after=2025-03-12 01:00:00+00:00
[2025-03-14T13:32:37.992+0000] {logging_mixin.py:190} INFO - [2025-03-14T13:32:37.992+0000] {dag.py:4180} INFO - Setting next_dagrun for consume_1_and_2_with_dataset_expressions to None, run_after=None
[2025-03-14T13:32:38.050+0000] {logging_mixin.py:190} INFO - [2025-03-14T13:32:38.049+0000] {dag.py:4180} INFO - Setting next_dagrun for consume_1_or_2_with_dataset_expressions to None, run_after=None
[2025-03-14T13:32:38.058+0000] {logging_mixin.py:190} INFO - [2025-03-14T13:32:38.057+0000] {dag.py:4180} INFO - Setting next_dagrun for consume_1_or_both_2_and_3_with_dataset_expressions to None, run_after=None
[2025-03-14T13:32:38.068+0000] {logging_mixin.py:190} INFO - [2025-03-14T13:32:38.067+0000] {dag.py:4180} INFO - Setting next_dagrun for dataset_consumes_1 to None, run_after=None
[2025-03-14T13:32:38.074+0000] {logging_mixin.py:190} INFO - [2025-03-14T13:32:38.073+0000] {dag.py:4180} INFO - Setting next_dagrun for dataset_consumes_1_and_2 to None, run_after=None
[2025-03-14T13:32:38.082+0000] {logging_mixin.py:190} INFO - [2025-03-14T13:32:38.081+0000] {dag.py:4180} INFO - Setting next_dagrun for dataset_consumes_1_never_scheduled to None, run_after=None
[2025-03-14T13:32:38.087+0000] {logging_mixin.py:190} INFO - [2025-03-14T13:32:38.086+0000] {dag.py:4180} INFO - Setting next_dagrun for dataset_consumes_unknown_never_scheduled to None, run_after=None
[2025-03-14T13:32:38.095+0000] {logging_mixin.py:190} INFO - [2025-03-14T13:32:38.094+0000] {dag.py:4180} INFO - Setting next_dagrun for dataset_produces_1 to 2025-03-13 00:00:00+00:00, run_after=2025-03-14 00:00:00+00:00
[2025-03-14T13:32:38.100+0000] {logging_mixin.py:190} INFO - [2025-03-14T13:32:38.099+0000] {dag.py:4180} INFO - Setting next_dagrun for dataset_produces_2 to None, run_after=None
[2025-03-14T13:32:38.306+0000] {processor.py:208} INFO - Processing /home/airflow/.local/lib/python3.12/site-packages/airflow/example_dags/example_datasets.py took 34.781 seconds
