[2025-03-10T15:35:36.453+0000] {local_task_job_runner.py:123} INFO - ::group::Pre task execution logs
[2025-03-10T15:35:36.466+0000] {taskinstance.py:2614} INFO - Dependencies all met for dep_context=non-requeueable deps ti=<TaskInstance: a1.insert_data_to_mysql manual__2025-03-10T15:18:17.009748+00:00 [queued]>
[2025-03-10T15:35:36.472+0000] {taskinstance.py:2614} INFO - Dependencies all met for dep_context=requeueable deps ti=<TaskInstance: a1.insert_data_to_mysql manual__2025-03-10T15:18:17.009748+00:00 [queued]>
[2025-03-10T15:35:36.472+0000] {taskinstance.py:2867} INFO - Starting attempt 3 of 4
[2025-03-10T15:35:36.478+0000] {taskinstance.py:2890} INFO - Executing <Task(_PythonDecoratedOperator): insert_data_to_mysql> on 2025-03-10 15:18:17.009748+00:00
[2025-03-10T15:35:36.490+0000] {warnings.py:112} WARNING - /home/***/.local/lib/python3.12/site-packages/***/task/task_runner/standard_task_runner.py:70: DeprecationWarning: This process (pid=88) is multi-threaded, use of fork() may lead to deadlocks in the child.
  pid = os.fork()

[2025-03-10T15:35:36.499+0000] {standard_task_runner.py:72} INFO - Started process 89 to run task
[2025-03-10T15:35:36.501+0000] {standard_task_runner.py:104} INFO - Running: ['***', 'tasks', 'run', 'a1', 'insert_data_to_mysql', 'manual__2025-03-10T15:18:17.009748+00:00', '--job-id', '71', '--raw', '--subdir', 'DAGS_FOLDER/pipeline.py', '--cfg-path', '/tmp/tmpcc7_hl0t']
[2025-03-10T15:35:36.503+0000] {standard_task_runner.py:105} INFO - Job 71: Subtask insert_data_to_mysql
[2025-03-10T15:35:36.549+0000] {task_command.py:467} INFO - Running <TaskInstance: a1.insert_data_to_mysql manual__2025-03-10T15:18:17.009748+00:00 [running]> on host 8fb59cdaae08
[2025-03-10T15:35:36.618+0000] {taskinstance.py:3134} INFO - Exporting env vars: AIRFLOW_CTX_DAG_EMAIL='example@gmail.com' AIRFLOW_CTX_DAG_OWNER='***' AIRFLOW_CTX_DAG_ID='a1' AIRFLOW_CTX_TASK_ID='insert_data_to_mysql' AIRFLOW_CTX_EXECUTION_DATE='2025-03-10T15:18:17.009748+00:00' AIRFLOW_CTX_TRY_NUMBER='3' AIRFLOW_CTX_DAG_RUN_ID='manual__2025-03-10T15:18:17.009748+00:00'
[2025-03-10T15:35:36.621+0000] {logging_mixin.py:190} INFO - Task instance is in running state
[2025-03-10T15:35:36.621+0000] {logging_mixin.py:190} INFO -  Previous state of the Task instance: queued
[2025-03-10T15:35:36.621+0000] {logging_mixin.py:190} INFO - Current task name:insert_data_to_mysql state:running start_date:2025-03-10 15:35:36.466817+00:00
[2025-03-10T15:35:36.621+0000] {logging_mixin.py:190} INFO - Dag name:a1 and current dag run status:running
[2025-03-10T15:35:36.622+0000] {taskinstance.py:732} INFO - ::endgroup::
[2025-03-10T15:35:36.625+0000] {logging_mixin.py:190} INFO - attampting to insert data to mysql....
[2025-03-10T15:35:37.581+0000] {base.py:84} INFO - Retrieving connection 'mysql_default'
[2025-03-10T15:35:37.698+0000] {sql.py:511} INFO - Running statement: 
            INSERT INTO gold_prices (date, price, currency)
            VALUES (
                '2025-03-10', 
                2912.60009765625, 
                'USD'
            );
        , parameters: None
[2025-03-10T15:35:37.709+0000] {sql.py:520} INFO - Rows affected: 1
[2025-03-10T15:35:37.731+0000] {logging_mixin.py:190} INFO - Gold price for 2025-03-10 inserted successfully!
[2025-03-10T15:35:37.732+0000] {python.py:240} INFO - Done. Returned value was: {'date': '2025-03-10', 'price': 2912.60009765625, 'currency': 'USD'}
[2025-03-10T15:35:37.794+0000] {taskinstance.py:341} INFO - ::group::Post task execution logs
[2025-03-10T15:35:37.794+0000] {taskinstance.py:353} INFO - Marking task as SUCCESS. dag_id=a1, task_id=insert_data_to_mysql, run_id=manual__2025-03-10T15:18:17.009748+00:00, execution_date=20250310T151817, start_date=20250310T153536, end_date=20250310T153537
[2025-03-10T15:35:37.835+0000] {logging_mixin.py:190} INFO - Task instance in success state
[2025-03-10T15:35:37.836+0000] {logging_mixin.py:190} INFO -  Previous state of the Task instance: running
[2025-03-10T15:35:37.836+0000] {logging_mixin.py:190} INFO - Dag name:a1 queued_at:2025-03-10 15:18:17.279474+00:00
[2025-03-10T15:35:37.837+0000] {logging_mixin.py:190} INFO - Task hostname:8fb59cdaae08 operator:_PythonDecoratedOperator
[2025-03-10T15:35:37.892+0000] {local_task_job_runner.py:266} INFO - Task exited with return code 0
[2025-03-10T15:35:37.945+0000] {taskinstance.py:3901} INFO - 1 downstream tasks scheduled from follow-on schedule check
[2025-03-10T15:35:37.950+0000] {local_task_job_runner.py:245} INFO - ::endgroup::
