[2025-03-10T14:55:06.099+0000] {local_task_job_runner.py:123} INFO - ::group::Pre task execution logs
[2025-03-10T14:55:06.648+0000] {taskinstance.py:2614} INFO - Dependencies all met for dep_context=non-requeueable deps ti=<TaskInstance: a1.read_data_from_mysql manual__2025-03-10T14:54:42.606782+00:00 [queued]>
[2025-03-10T14:55:06.664+0000] {taskinstance.py:2614} INFO - Dependencies all met for dep_context=requeueable deps ti=<TaskInstance: a1.read_data_from_mysql manual__2025-03-10T14:54:42.606782+00:00 [queued]>
[2025-03-10T14:55:06.665+0000] {taskinstance.py:2867} INFO - Starting attempt 1 of 4
[2025-03-10T14:55:06.688+0000] {taskinstance.py:2890} INFO - Executing <Task(_PythonDecoratedOperator): read_data_from_mysql> on 2025-03-10 14:54:42.606782+00:00
[2025-03-10T14:55:06.717+0000] {warnings.py:112} WARNING - /home/***/.local/lib/python3.12/site-packages/***/task/task_runner/standard_task_runner.py:70: DeprecationWarning: This process (pid=471) is multi-threaded, use of fork() may lead to deadlocks in the child.
  pid = os.fork()

[2025-03-10T14:55:06.720+0000] {standard_task_runner.py:72} INFO - Started process 480 to run task
[2025-03-10T14:55:06.720+0000] {standard_task_runner.py:104} INFO - Running: ['***', 'tasks', 'run', 'a1', 'read_data_from_mysql', 'manual__2025-03-10T14:54:42.606782+00:00', '--job-id', '61', '--raw', '--subdir', 'DAGS_FOLDER/pipeline.py', '--cfg-path', '/tmp/tmp_h2i6le0']
[2025-03-10T14:55:06.723+0000] {standard_task_runner.py:105} INFO - Job 61: Subtask read_data_from_mysql
[2025-03-10T14:55:06.974+0000] {task_command.py:467} INFO - Running <TaskInstance: a1.read_data_from_mysql manual__2025-03-10T14:54:42.606782+00:00 [running]> on host 29fec35ab0e4
[2025-03-10T14:55:07.359+0000] {taskinstance.py:3134} INFO - Exporting env vars: AIRFLOW_CTX_DAG_EMAIL='example@gmail.com' AIRFLOW_CTX_DAG_OWNER='***' AIRFLOW_CTX_DAG_ID='a1' AIRFLOW_CTX_TASK_ID='read_data_from_mysql' AIRFLOW_CTX_EXECUTION_DATE='2025-03-10T14:54:42.606782+00:00' AIRFLOW_CTX_TRY_NUMBER='1' AIRFLOW_CTX_DAG_RUN_ID='manual__2025-03-10T14:54:42.606782+00:00'
[2025-03-10T14:55:07.375+0000] {logging_mixin.py:190} INFO - Task instance is in running state
[2025-03-10T14:55:07.375+0000] {logging_mixin.py:190} INFO -  Previous state of the Task instance: queued
[2025-03-10T14:55:07.377+0000] {logging_mixin.py:190} INFO - Current task name:read_data_from_mysql state:running start_date:2025-03-10 14:55:06.651052+00:00
[2025-03-10T14:55:07.377+0000] {logging_mixin.py:190} INFO - Dag name:a1 and current dag run status:running
[2025-03-10T14:55:07.377+0000] {taskinstance.py:732} INFO - ::endgroup::
[2025-03-10T14:55:07.387+0000] {logging_mixin.py:190} INFO - attempting to read data from mysql....
[2025-03-10T14:55:07.502+0000] {base.py:84} INFO - Retrieving connection 'mysql_default'
[2025-03-10T14:55:07.613+0000] {sql.py:511} INFO - Running statement: 
            SELECT * FROM gold_prices ORDER BY date DESC
        , parameters: None
[2025-03-10T14:55:07.623+0000] {sql.py:520} INFO - Rows affected: 1
[2025-03-10T14:55:07.625+0000] {warnings.py:112} WARNING - /home/***/.local/lib/python3.12/site-packages/***/providers/common/sql/hooks/sql.py:470: DeprecationWarning: Import of fetch_all_handler from the '***.providers.common.sql.hooks' module is deprecated and will
be removed in the future. Please import it from '***.providers.common.sql.hooks.handlers'.
  result = self._make_common_data_structure(handler(cur))

[2025-03-10T14:55:07.636+0000] {warnings.py:112} WARNING - /home/***/.local/lib/python3.12/site-packages/***/providers/common/sql/hooks/sql.py:471: DeprecationWarning: Import of return_single_query_results from the '***.providers.common.sql.hooks' module is deprecated and will
be removed in the future. Please import it from '***.providers.common.sql.hooks.handlers'.
  if return_single_query_results(sql, return_last, split_statements):

[2025-03-10T14:55:07.647+0000] {warnings.py:112} WARNING - /home/***/.local/lib/python3.12/site-packages/***/providers/common/sql/hooks/sql.py:486: DeprecationWarning: Import of return_single_query_results from the '***.providers.common.sql.hooks' module is deprecated and will
be removed in the future. Please import it from '***.providers.common.sql.hooks.handlers'.
  if return_single_query_results(sql, return_last, split_statements):

[2025-03-10T14:55:07.652+0000] {logging_mixin.py:190} INFO - gold prices:
[2025-03-10T14:55:07.653+0000] {logging_mixin.py:190} INFO - (1, datetime.date(2025, 3, 10), 2911.5, 'USD')
[2025-03-10T14:55:07.656+0000] {logging_mixin.py:190} INFO - Data read successfully!
[2025-03-10T14:55:07.661+0000] {python.py:240} INFO - Done. Returned value was: None
[2025-03-10T14:55:08.061+0000] {taskinstance.py:341} INFO - ::group::Post task execution logs
[2025-03-10T14:55:08.069+0000] {taskinstance.py:353} INFO - Marking task as SUCCESS. dag_id=a1, task_id=read_data_from_mysql, run_id=manual__2025-03-10T14:54:42.606782+00:00, execution_date=20250310T145442, start_date=20250310T145506, end_date=20250310T145508
[2025-03-10T14:55:08.631+0000] {logging_mixin.py:190} INFO - Task instance in success state
[2025-03-10T14:55:08.652+0000] {logging_mixin.py:190} INFO -  Previous state of the Task instance: running
[2025-03-10T14:55:08.655+0000] {logging_mixin.py:190} INFO - Dag name:a1 queued_at:2025-03-10 14:54:42.659323+00:00
[2025-03-10T14:55:08.663+0000] {logging_mixin.py:190} INFO - Task hostname:29fec35ab0e4 operator:_PythonDecoratedOperator
[2025-03-10T14:55:08.799+0000] {local_task_job_runner.py:266} INFO - Task exited with return code 0
[2025-03-10T14:55:09.099+0000] {taskinstance.py:3901} INFO - 0 downstream tasks scheduled from follow-on schedule check
[2025-03-10T14:55:09.158+0000] {local_task_job_runner.py:245} INFO - ::endgroup::
