[2025-03-10T00:07:11.959+0000] {local_task_job_runner.py:123} INFO - ::group::Pre task execution logs
[2025-03-10T00:07:11.992+0000] {taskinstance.py:2614} INFO - Dependencies all met for dep_context=non-requeueable deps ti=<TaskInstance: a1.insert_data_to_mongodb scheduled__2025-03-09T00:00:00+00:00 [queued]>
[2025-03-10T00:07:11.999+0000] {taskinstance.py:2614} INFO - Dependencies all met for dep_context=requeueable deps ti=<TaskInstance: a1.insert_data_to_mongodb scheduled__2025-03-09T00:00:00+00:00 [queued]>
[2025-03-10T00:07:11.999+0000] {taskinstance.py:2867} INFO - Starting attempt 1 of 4
[2025-03-10T00:07:12.007+0000] {taskinstance.py:2890} INFO - Executing <Task(_PythonDecoratedOperator): insert_data_to_mongodb> on 2025-03-09 00:00:00+00:00
[2025-03-10T00:07:12.060+0000] {warnings.py:112} WARNING - /home/***/.local/lib/python3.12/site-packages/***/task/task_runner/standard_task_runner.py:70: DeprecationWarning: This process (pid=2850) is multi-threaded, use of fork() may lead to deadlocks in the child.
  pid = os.fork()

[2025-03-10T00:07:12.088+0000] {standard_task_runner.py:72} INFO - Started process 2858 to run task
[2025-03-10T00:07:12.120+0000] {standard_task_runner.py:104} INFO - Running: ['***', 'tasks', 'run', 'a1', 'insert_data_to_mongodb', 'scheduled__2025-03-09T00:00:00+00:00', '--job-id', '53', '--raw', '--subdir', 'DAGS_FOLDER/pipeline.py', '--cfg-path', '/tmp/tmpj3ui56yt']
[2025-03-10T00:07:12.124+0000] {standard_task_runner.py:105} INFO - Job 53: Subtask insert_data_to_mongodb
[2025-03-10T00:07:12.294+0000] {task_command.py:467} INFO - Running <TaskInstance: a1.insert_data_to_mongodb scheduled__2025-03-09T00:00:00+00:00 [running]> on host e261c4a55bbc
[2025-03-10T00:07:13.692+0000] {taskinstance.py:3134} INFO - Exporting env vars: AIRFLOW_CTX_DAG_EMAIL='example@gmail.com' AIRFLOW_CTX_DAG_OWNER='***' AIRFLOW_CTX_DAG_ID='a1' AIRFLOW_CTX_TASK_ID='insert_data_to_mongodb' AIRFLOW_CTX_EXECUTION_DATE='2025-03-09T00:00:00+00:00' AIRFLOW_CTX_TRY_NUMBER='1' AIRFLOW_CTX_DAG_RUN_ID='scheduled__2025-03-09T00:00:00+00:00'
[2025-03-10T00:07:13.693+0000] {logging_mixin.py:190} INFO - Task instance is in running state
[2025-03-10T00:07:13.694+0000] {logging_mixin.py:190} INFO -  Previous state of the Task instance: queued
[2025-03-10T00:07:13.694+0000] {logging_mixin.py:190} INFO - Current task name:insert_data_to_mongodb state:running start_date:2025-03-10 00:07:11.993008+00:00
[2025-03-10T00:07:13.694+0000] {logging_mixin.py:190} INFO - Dag name:a1 and current dag run status:running
[2025-03-10T00:07:13.695+0000] {taskinstance.py:732} INFO - ::endgroup::
[2025-03-10T00:07:13.695+0000] {logging_mixin.py:190} INFO - attampting to insert data to MongoDB....
[2025-03-10T00:07:13.704+0000] {base.py:84} INFO - Retrieving connection 'mongo_default'
[2025-03-10T00:07:14.700+0000] {logging_mixin.py:190} INFO - Document inserted successfully!
[2025-03-10T00:07:14.756+0000] {python.py:240} INFO - Done. Returned value was: {'date': '2025-01-01', 'sentiment_score': 0.8, 'sentiment': 'positive', '_id': '67ce2d321afcdbfbdd2dce42'}
[2025-03-10T00:07:14.851+0000] {taskinstance.py:341} INFO - ::group::Post task execution logs
[2025-03-10T00:07:14.853+0000] {taskinstance.py:353} INFO - Marking task as SUCCESS. dag_id=a1, task_id=insert_data_to_mongodb, run_id=scheduled__2025-03-09T00:00:00+00:00, execution_date=20250309T000000, start_date=20250310T000711, end_date=20250310T000714
[2025-03-10T00:07:14.873+0000] {logging_mixin.py:190} INFO - Task instance in success state
[2025-03-10T00:07:14.873+0000] {logging_mixin.py:190} INFO -  Previous state of the Task instance: running
[2025-03-10T00:07:14.873+0000] {logging_mixin.py:190} INFO - Dag name:a1 queued_at:2025-03-10 00:06:50.217693+00:00
[2025-03-10T00:07:14.873+0000] {logging_mixin.py:190} INFO - Task hostname:e261c4a55bbc operator:_PythonDecoratedOperator
[2025-03-10T00:07:14.939+0000] {local_task_job_runner.py:266} INFO - Task exited with return code 0
[2025-03-10T00:07:15.096+0000] {taskinstance.py:3901} INFO - 0 downstream tasks scheduled from follow-on schedule check
[2025-03-10T00:07:15.129+0000] {local_task_job_runner.py:245} INFO - ::endgroup::
