[2025-03-10T15:18:26.967+0000] {local_task_job_runner.py:123} INFO - ::group::Pre task execution logs
[2025-03-10T15:18:27.065+0000] {taskinstance.py:2614} INFO - Dependencies all met for dep_context=non-requeueable deps ti=<TaskInstance: a1.insert_data_to_mongodb manual__2025-03-10T15:18:17.009748+00:00 [queued]>
[2025-03-10T15:18:27.135+0000] {taskinstance.py:2614} INFO - Dependencies all met for dep_context=requeueable deps ti=<TaskInstance: a1.insert_data_to_mongodb manual__2025-03-10T15:18:17.009748+00:00 [queued]>
[2025-03-10T15:18:27.138+0000] {taskinstance.py:2867} INFO - Starting attempt 1 of 4
[2025-03-10T15:18:27.245+0000] {taskinstance.py:2890} INFO - Executing <Task(_PythonDecoratedOperator): insert_data_to_mongodb> on 2025-03-10 15:18:17.009748+00:00
[2025-03-10T15:18:27.403+0000] {warnings.py:112} WARNING - /home/***/.local/lib/python3.12/site-packages/***/task/task_runner/standard_task_runner.py:70: DeprecationWarning: This process (pid=761) is multi-threaded, use of fork() may lead to deadlocks in the child.
  pid = os.fork()

[2025-03-10T15:18:27.428+0000] {standard_task_runner.py:72} INFO - Started process 763 to run task
[2025-03-10T15:18:27.473+0000] {standard_task_runner.py:104} INFO - Running: ['***', 'tasks', 'run', 'a1', 'insert_data_to_mongodb', 'manual__2025-03-10T15:18:17.009748+00:00', '--job-id', '63', '--raw', '--subdir', 'DAGS_FOLDER/pipeline.py', '--cfg-path', '/tmp/tmpayo0d0ih']
[2025-03-10T15:18:27.484+0000] {standard_task_runner.py:105} INFO - Job 63: Subtask insert_data_to_mongodb
[2025-03-10T15:18:28.076+0000] {task_command.py:467} INFO - Running <TaskInstance: a1.insert_data_to_mongodb manual__2025-03-10T15:18:17.009748+00:00 [running]> on host 29fec35ab0e4
[2025-03-10T15:18:28.339+0000] {taskinstance.py:3134} INFO - Exporting env vars: AIRFLOW_CTX_DAG_EMAIL='example@gmail.com' AIRFLOW_CTX_DAG_OWNER='***' AIRFLOW_CTX_DAG_ID='a1' AIRFLOW_CTX_TASK_ID='insert_data_to_mongodb' AIRFLOW_CTX_EXECUTION_DATE='2025-03-10T15:18:17.009748+00:00' AIRFLOW_CTX_TRY_NUMBER='1' AIRFLOW_CTX_DAG_RUN_ID='manual__2025-03-10T15:18:17.009748+00:00'
[2025-03-10T15:18:28.350+0000] {logging_mixin.py:190} INFO - Task instance is in running state
[2025-03-10T15:18:28.351+0000] {logging_mixin.py:190} INFO -  Previous state of the Task instance: queued
[2025-03-10T15:18:28.352+0000] {logging_mixin.py:190} INFO - Current task name:insert_data_to_mongodb state:running start_date:2025-03-10 15:18:27.101684+00:00
[2025-03-10T15:18:28.352+0000] {logging_mixin.py:190} INFO - Dag name:a1 and current dag run status:running
[2025-03-10T15:18:28.353+0000] {taskinstance.py:732} INFO - ::endgroup::
[2025-03-10T15:18:28.359+0000] {logging_mixin.py:190} INFO - attampting to insert data to MongoDB....
[2025-03-10T15:18:28.436+0000] {base.py:84} INFO - Retrieving connection 'mongo_default'
[2025-03-10T15:18:30.622+0000] {logging_mixin.py:190} INFO - Document inserted successfully!
[2025-03-10T15:18:30.630+0000] {python.py:240} INFO - Done. Returned value was: {'date': '2025-01-01', 'sentiment_score': 0.8, 'sentiment': 'positive', '_id': '67cf02c5c963243e23530fe7'}
[2025-03-10T15:18:30.743+0000] {taskinstance.py:341} INFO - ::group::Post task execution logs
[2025-03-10T15:18:30.744+0000] {taskinstance.py:353} INFO - Marking task as SUCCESS. dag_id=a1, task_id=insert_data_to_mongodb, run_id=manual__2025-03-10T15:18:17.009748+00:00, execution_date=20250310T151817, start_date=20250310T151827, end_date=20250310T151830
[2025-03-10T15:18:30.770+0000] {logging_mixin.py:190} INFO - Task instance in success state
[2025-03-10T15:18:30.771+0000] {logging_mixin.py:190} INFO -  Previous state of the Task instance: running
[2025-03-10T15:18:30.771+0000] {logging_mixin.py:190} INFO - Dag name:a1 queued_at:2025-03-10 15:18:17.279474+00:00
[2025-03-10T15:18:30.771+0000] {logging_mixin.py:190} INFO - Task hostname:29fec35ab0e4 operator:_PythonDecoratedOperator
[2025-03-10T15:18:30.817+0000] {local_task_job_runner.py:266} INFO - Task exited with return code 0
[2025-03-10T15:18:30.916+0000] {taskinstance.py:3901} INFO - 1 downstream tasks scheduled from follow-on schedule check
[2025-03-10T15:18:30.918+0000] {local_task_job_runner.py:245} INFO - ::endgroup::
