[2025-03-09T19:24:50.680+0000] {local_task_job_runner.py:123} INFO - ::group::Pre task execution logs
[2025-03-09T19:24:50.689+0000] {taskinstance.py:2614} INFO - Dependencies all met for dep_context=non-requeueable deps ti=<TaskInstance: a1.insert_data_to_mongodb scheduled__2025-03-08T00:00:00+00:00 [queued]>
[2025-03-09T19:24:50.693+0000] {taskinstance.py:2614} INFO - Dependencies all met for dep_context=requeueable deps ti=<TaskInstance: a1.insert_data_to_mongodb scheduled__2025-03-08T00:00:00+00:00 [queued]>
[2025-03-09T19:24:50.693+0000] {taskinstance.py:2867} INFO - Starting attempt 32 of 35
[2025-03-09T19:24:50.699+0000] {taskinstance.py:2890} INFO - Executing <Task(_PythonDecoratedOperator): insert_data_to_mongodb> on 2025-03-08 00:00:00+00:00
[2025-03-09T19:24:50.739+0000] {warnings.py:112} WARNING - /home/***/.local/lib/python3.12/site-packages/***/task/task_runner/standard_task_runner.py:70: DeprecationWarning: This process (pid=213) is multi-threaded, use of fork() may lead to deadlocks in the child.
  pid = os.fork()

[2025-03-09T19:24:50.740+0000] {standard_task_runner.py:72} INFO - Started process 214 to run task
[2025-03-09T19:24:50.741+0000] {standard_task_runner.py:104} INFO - Running: ['***', 'tasks', 'run', 'a1', 'insert_data_to_mongodb', 'scheduled__2025-03-08T00:00:00+00:00', '--job-id', '51', '--raw', '--subdir', 'DAGS_FOLDER/pipeline.py', '--cfg-path', '/tmp/tmpyf5op5i2']
[2025-03-09T19:24:50.742+0000] {standard_task_runner.py:105} INFO - Job 51: Subtask insert_data_to_mongodb
[2025-03-09T19:24:50.789+0000] {task_command.py:467} INFO - Running <TaskInstance: a1.insert_data_to_mongodb scheduled__2025-03-08T00:00:00+00:00 [running]> on host e261c4a55bbc
[2025-03-09T19:24:51.457+0000] {taskinstance.py:3134} INFO - Exporting env vars: AIRFLOW_CTX_DAG_EMAIL='example@gmail.com' AIRFLOW_CTX_DAG_OWNER='***' AIRFLOW_CTX_DAG_ID='a1' AIRFLOW_CTX_TASK_ID='insert_data_to_mongodb' AIRFLOW_CTX_EXECUTION_DATE='2025-03-08T00:00:00+00:00' AIRFLOW_CTX_TRY_NUMBER='32' AIRFLOW_CTX_DAG_RUN_ID='scheduled__2025-03-08T00:00:00+00:00'
[2025-03-09T19:24:51.458+0000] {logging_mixin.py:190} INFO - Task instance is in running state
[2025-03-09T19:24:51.458+0000] {logging_mixin.py:190} INFO -  Previous state of the Task instance: queued
[2025-03-09T19:24:51.458+0000] {logging_mixin.py:190} INFO - Current task name:insert_data_to_mongodb state:running start_date:2025-03-09 19:24:50.689789+00:00
[2025-03-09T19:24:51.458+0000] {logging_mixin.py:190} INFO - Dag name:a1 and current dag run status:running
[2025-03-09T19:24:51.459+0000] {taskinstance.py:732} INFO - ::endgroup::
[2025-03-09T19:24:51.459+0000] {logging_mixin.py:190} INFO - attampting to insert data to MongoDB....
[2025-03-09T19:24:51.466+0000] {base.py:84} INFO - Retrieving connection 'mongo_default'
[2025-03-09T19:24:51.900+0000] {logging_mixin.py:190} INFO - Document inserted successfully!
[2025-03-09T19:24:51.901+0000] {python.py:240} INFO - Done. Returned value was: {'date': '2025-01-01', 'sentiment_score': 0.8, 'sentiment': 'positive', '_id': '67cdeb038f2fb86dff84df90'}
[2025-03-09T19:24:51.961+0000] {taskinstance.py:341} INFO - ::group::Post task execution logs
[2025-03-09T19:24:51.962+0000] {taskinstance.py:353} INFO - Marking task as SUCCESS. dag_id=a1, task_id=insert_data_to_mongodb, run_id=scheduled__2025-03-08T00:00:00+00:00, execution_date=20250308T000000, start_date=20250309T192450, end_date=20250309T192451
[2025-03-09T19:24:51.993+0000] {logging_mixin.py:190} INFO - Task instance in success state
[2025-03-09T19:24:51.993+0000] {logging_mixin.py:190} INFO -  Previous state of the Task instance: running
[2025-03-09T19:24:51.993+0000] {logging_mixin.py:190} INFO - Dag name:a1 queued_at:2025-03-09 19:24:45.026787+00:00
[2025-03-09T19:24:51.993+0000] {logging_mixin.py:190} INFO - Task hostname:e261c4a55bbc operator:_PythonDecoratedOperator
[2025-03-09T19:24:52.038+0000] {local_task_job_runner.py:266} INFO - Task exited with return code 0
[2025-03-09T19:24:52.080+0000] {taskinstance.py:3901} INFO - 1 downstream tasks scheduled from follow-on schedule check
[2025-03-09T19:24:52.081+0000] {local_task_job_runner.py:245} INFO - ::endgroup::
