[2025-03-10T14:55:00.528+0000] {local_task_job_runner.py:123} INFO - ::group::Pre task execution logs
[2025-03-10T14:55:00.591+0000] {taskinstance.py:2614} INFO - Dependencies all met for dep_context=non-requeueable deps ti=<TaskInstance: a1.insert_data_to_mysql manual__2025-03-10T14:54:42.606782+00:00 [queued]>
[2025-03-10T14:55:00.604+0000] {taskinstance.py:2614} INFO - Dependencies all met for dep_context=requeueable deps ti=<TaskInstance: a1.insert_data_to_mysql manual__2025-03-10T14:54:42.606782+00:00 [queued]>
[2025-03-10T14:55:00.613+0000] {taskinstance.py:2867} INFO - Starting attempt 1 of 4
[2025-03-10T14:55:00.641+0000] {taskinstance.py:2890} INFO - Executing <Task(_PythonDecoratedOperator): insert_data_to_mysql> on 2025-03-10 14:54:42.606782+00:00
[2025-03-10T14:55:00.701+0000] {warnings.py:112} WARNING - /home/***/.local/lib/python3.12/site-packages/***/task/task_runner/standard_task_runner.py:70: DeprecationWarning: This process (pid=459) is multi-threaded, use of fork() may lead to deadlocks in the child.
  pid = os.fork()

[2025-03-10T14:55:00.721+0000] {standard_task_runner.py:72} INFO - Started process 468 to run task
[2025-03-10T14:55:00.741+0000] {standard_task_runner.py:104} INFO - Running: ['***', 'tasks', 'run', 'a1', 'insert_data_to_mysql', 'manual__2025-03-10T14:54:42.606782+00:00', '--job-id', '59', '--raw', '--subdir', 'DAGS_FOLDER/pipeline.py', '--cfg-path', '/tmp/tmpzk2bgynx']
[2025-03-10T14:55:00.773+0000] {standard_task_runner.py:105} INFO - Job 59: Subtask insert_data_to_mysql
[2025-03-10T14:55:01.246+0000] {task_command.py:467} INFO - Running <TaskInstance: a1.insert_data_to_mysql manual__2025-03-10T14:54:42.606782+00:00 [running]> on host 29fec35ab0e4
[2025-03-10T14:55:01.472+0000] {taskinstance.py:3134} INFO - Exporting env vars: AIRFLOW_CTX_DAG_EMAIL='example@gmail.com' AIRFLOW_CTX_DAG_OWNER='***' AIRFLOW_CTX_DAG_ID='a1' AIRFLOW_CTX_TASK_ID='insert_data_to_mysql' AIRFLOW_CTX_EXECUTION_DATE='2025-03-10T14:54:42.606782+00:00' AIRFLOW_CTX_TRY_NUMBER='1' AIRFLOW_CTX_DAG_RUN_ID='manual__2025-03-10T14:54:42.606782+00:00'
[2025-03-10T14:55:01.486+0000] {logging_mixin.py:190} INFO - Task instance is in running state
[2025-03-10T14:55:01.494+0000] {logging_mixin.py:190} INFO -  Previous state of the Task instance: queued
[2025-03-10T14:55:01.503+0000] {logging_mixin.py:190} INFO - Current task name:insert_data_to_mysql state:running start_date:2025-03-10 14:55:00.592412+00:00
[2025-03-10T14:55:01.506+0000] {logging_mixin.py:190} INFO - Dag name:a1 and current dag run status:running
[2025-03-10T14:55:01.509+0000] {taskinstance.py:732} INFO - ::endgroup::
[2025-03-10T14:55:01.512+0000] {logging_mixin.py:190} INFO - attampting to insert data to mysql....
[2025-03-10T14:55:01.544+0000] {base.py:84} INFO - Retrieving connection 'mysql_default'
[2025-03-10T14:55:01.840+0000] {sql.py:511} INFO - Running statement: 
            INSERT INTO gold_prices (date, price, currency)
            VALUES (
                '2025-03-10', 
                2911.5, 
                'USD'
            );
        , parameters: None
[2025-03-10T14:55:01.858+0000] {sql.py:520} INFO - Rows affected: 1
[2025-03-10T14:55:01.875+0000] {logging_mixin.py:190} INFO - Gold price for 2025-03-10 inserted successfully!
[2025-03-10T14:55:01.878+0000] {python.py:240} INFO - Done. Returned value was: {'date': '2025-03-10', 'price': 2911.5, 'currency': 'USD'}
[2025-03-10T14:55:01.983+0000] {taskinstance.py:341} INFO - ::group::Post task execution logs
[2025-03-10T14:55:01.988+0000] {taskinstance.py:353} INFO - Marking task as SUCCESS. dag_id=a1, task_id=insert_data_to_mysql, run_id=manual__2025-03-10T14:54:42.606782+00:00, execution_date=20250310T145442, start_date=20250310T145500, end_date=20250310T145501
[2025-03-10T14:55:02.040+0000] {logging_mixin.py:190} INFO - Task instance in success state
[2025-03-10T14:55:02.041+0000] {logging_mixin.py:190} INFO -  Previous state of the Task instance: running
[2025-03-10T14:55:02.041+0000] {logging_mixin.py:190} INFO - Dag name:a1 queued_at:2025-03-10 14:54:42.659323+00:00
[2025-03-10T14:55:02.042+0000] {logging_mixin.py:190} INFO - Task hostname:29fec35ab0e4 operator:_PythonDecoratedOperator
[2025-03-10T14:55:02.129+0000] {local_task_job_runner.py:266} INFO - Task exited with return code 0
[2025-03-10T14:55:02.258+0000] {taskinstance.py:3901} INFO - 1 downstream tasks scheduled from follow-on schedule check
[2025-03-10T14:55:02.260+0000] {local_task_job_runner.py:245} INFO - ::endgroup::
