[2025-03-10T01:15:07.097+0800] {processor.py:186} INFO - Started process (PID=37881) to work on /Users/sinler/Documents/GitHub/market-sentiment-analysis/.airflow/lib/python3.12/site-packages/airflow/example_dags/example_subdag_operator.py
[2025-03-10T01:15:07.098+0800] {processor.py:914} INFO - Processing file /Users/sinler/Documents/GitHub/market-sentiment-analysis/.airflow/lib/python3.12/site-packages/airflow/example_dags/example_subdag_operator.py for tasks to queue
[2025-03-10T01:15:07.099+0800] {logging_mixin.py:190} INFO - [2025-03-10T01:15:07.099+0800] {dagbag.py:588} INFO - Filling up the DagBag from /Users/sinler/Documents/GitHub/market-sentiment-analysis/.airflow/lib/python3.12/site-packages/airflow/example_dags/example_subdag_operator.py
[2025-03-10T01:15:07.144+0800] {processor.py:925} INFO - DAG(s) 'example_subdag_operator.section-1', 'example_subdag_operator.section-2', 'example_subdag_operator' retrieved from /Users/sinler/Documents/GitHub/market-sentiment-analysis/.airflow/lib/python3.12/site-packages/airflow/example_dags/example_subdag_operator.py
[2025-03-10T01:15:07.154+0800] {logging_mixin.py:190} INFO - [2025-03-10T01:15:07.153+0800] {workday.py:41} WARNING - Could not import pandas. Holidays will not be considered.
[2025-03-10T01:15:07.214+0800] {logging_mixin.py:190} INFO - [2025-03-10T01:15:07.214+0800] {override.py:1912} INFO - Created Permission View: can read on DAG:example_subdag_operator
[2025-03-10T01:15:07.219+0800] {logging_mixin.py:190} INFO - [2025-03-10T01:15:07.219+0800] {override.py:1912} INFO - Created Permission View: can delete on DAG:example_subdag_operator
[2025-03-10T01:15:07.221+0800] {logging_mixin.py:190} INFO - [2025-03-10T01:15:07.221+0800] {override.py:1912} INFO - Created Permission View: can edit on DAG:example_subdag_operator
[2025-03-10T01:15:07.225+0800] {logging_mixin.py:190} INFO - [2025-03-10T01:15:07.225+0800] {override.py:1912} INFO - Created Permission View: can read on DAG Run:example_subdag_operator
[2025-03-10T01:15:07.229+0800] {logging_mixin.py:190} INFO - [2025-03-10T01:15:07.229+0800] {override.py:1912} INFO - Created Permission View: can delete on DAG Run:example_subdag_operator
[2025-03-10T01:15:07.231+0800] {logging_mixin.py:190} INFO - [2025-03-10T01:15:07.231+0800] {override.py:1912} INFO - Created Permission View: can create on DAG Run:example_subdag_operator
[2025-03-10T01:15:07.234+0800] {logging_mixin.py:190} INFO - [2025-03-10T01:15:07.234+0800] {override.py:1912} INFO - Created Permission View: menu access on DAG Run:example_subdag_operator
[2025-03-10T01:15:07.235+0800] {logging_mixin.py:190} INFO - [2025-03-10T01:15:07.234+0800] {dag.py:3239} INFO - Sync 3 DAGs
[2025-03-10T01:15:07.239+0800] {logging_mixin.py:190} INFO - [2025-03-10T01:15:07.239+0800] {dag.py:3262} INFO - Creating ORM DAG for example_subdag_operator
[2025-03-10T01:15:07.239+0800] {logging_mixin.py:190} INFO - [2025-03-10T01:15:07.239+0800] {dag.py:3262} INFO - Creating ORM DAG for example_subdag_operator.section-1
[2025-03-10T01:15:07.239+0800] {logging_mixin.py:190} INFO - [2025-03-10T01:15:07.239+0800] {dag.py:3262} INFO - Creating ORM DAG for example_subdag_operator.section-2
[2025-03-10T01:15:07.242+0800] {logging_mixin.py:190} INFO - [2025-03-10T01:15:07.242+0800] {dag.py:4180} INFO - Setting next_dagrun for example_subdag_operator to 2022-01-01 00:00:00+00:00, run_after=2022-01-01 00:00:00+00:00
[2025-03-10T01:15:07.242+0800] {logging_mixin.py:190} INFO - [2025-03-10T01:15:07.242+0800] {dag.py:4180} INFO - Setting next_dagrun for example_subdag_operator.section-1 to None, run_after=None
[2025-03-10T01:15:07.242+0800] {logging_mixin.py:190} INFO - [2025-03-10T01:15:07.242+0800] {dag.py:4180} INFO - Setting next_dagrun for example_subdag_operator.section-2 to None, run_after=None
[2025-03-10T01:15:07.245+0800] {logging_mixin.py:190} INFO - [2025-03-10T01:15:07.245+0800] {dag.py:3239} INFO - Sync 2 DAGs
[2025-03-10T01:15:07.247+0800] {logging_mixin.py:190} INFO - [2025-03-10T01:15:07.247+0800] {dag.py:4180} INFO - Setting next_dagrun for example_subdag_operator.section-1 to None, run_after=None
[2025-03-10T01:15:07.248+0800] {logging_mixin.py:190} INFO - [2025-03-10T01:15:07.247+0800] {dag.py:4180} INFO - Setting next_dagrun for example_subdag_operator.section-2 to None, run_after=None
[2025-03-10T01:15:07.253+0800] {processor.py:208} INFO - Processing /Users/sinler/Documents/GitHub/market-sentiment-analysis/.airflow/lib/python3.12/site-packages/airflow/example_dags/example_subdag_operator.py took 0.157 seconds
