[2025-03-10T01:15:48.975+0800] {processor.py:186} INFO - Started process (PID=38306) to work on /Users/sinler/Documents/GitHub/market-sentiment-analysis/.airflow/lib/python3.12/site-packages/airflow/example_dags/example_external_task_marker_dag.py
[2025-03-10T01:15:48.976+0800] {processor.py:914} INFO - Processing file /Users/sinler/Documents/GitHub/market-sentiment-analysis/.airflow/lib/python3.12/site-packages/airflow/example_dags/example_external_task_marker_dag.py for tasks to queue
[2025-03-10T01:15:48.976+0800] {logging_mixin.py:190} INFO - [2025-03-10T01:15:48.976+0800] {dagbag.py:588} INFO - Filling up the DagBag from /Users/sinler/Documents/GitHub/market-sentiment-analysis/.airflow/lib/python3.12/site-packages/airflow/example_dags/example_external_task_marker_dag.py
[2025-03-10T01:15:48.985+0800] {processor.py:925} INFO - DAG(s) 'example_external_task_marker_child', 'example_external_task_marker_parent' retrieved from /Users/sinler/Documents/GitHub/market-sentiment-analysis/.airflow/lib/python3.12/site-packages/airflow/example_dags/example_external_task_marker_dag.py
[2025-03-10T01:15:49.018+0800] {logging_mixin.py:190} INFO - [2025-03-10T01:15:49.017+0800] {workday.py:41} WARNING - Could not import pandas. Holidays will not be considered.
[2025-03-10T01:15:49.071+0800] {logging_mixin.py:190} INFO - [2025-03-10T01:15:49.070+0800] {override.py:1912} INFO - Created Permission View: can delete on DAG:example_external_task_marker_child
[2025-03-10T01:15:49.075+0800] {logging_mixin.py:190} INFO - [2025-03-10T01:15:49.074+0800] {override.py:1912} INFO - Created Permission View: can edit on DAG:example_external_task_marker_child
[2025-03-10T01:15:49.077+0800] {logging_mixin.py:190} INFO - [2025-03-10T01:15:49.077+0800] {override.py:1912} INFO - Created Permission View: can read on DAG:example_external_task_marker_child
[2025-03-10T01:15:49.080+0800] {logging_mixin.py:190} INFO - [2025-03-10T01:15:49.079+0800] {override.py:1912} INFO - Created Permission View: can delete on DAG Run:example_external_task_marker_child
[2025-03-10T01:15:49.081+0800] {logging_mixin.py:190} INFO - [2025-03-10T01:15:49.081+0800] {override.py:1912} INFO - Created Permission View: can create on DAG Run:example_external_task_marker_child
[2025-03-10T01:15:49.083+0800] {logging_mixin.py:190} INFO - [2025-03-10T01:15:49.083+0800] {override.py:1912} INFO - Created Permission View: menu access on DAG Run:example_external_task_marker_child
[2025-03-10T01:15:49.085+0800] {logging_mixin.py:190} INFO - [2025-03-10T01:15:49.085+0800] {override.py:1912} INFO - Created Permission View: can read on DAG Run:example_external_task_marker_child
[2025-03-10T01:15:49.089+0800] {logging_mixin.py:190} INFO - [2025-03-10T01:15:49.089+0800] {override.py:1912} INFO - Created Permission View: can delete on DAG:example_external_task_marker_parent
[2025-03-10T01:15:49.091+0800] {logging_mixin.py:190} INFO - [2025-03-10T01:15:49.091+0800] {override.py:1912} INFO - Created Permission View: can edit on DAG:example_external_task_marker_parent
[2025-03-10T01:15:49.093+0800] {logging_mixin.py:190} INFO - [2025-03-10T01:15:49.093+0800] {override.py:1912} INFO - Created Permission View: can read on DAG:example_external_task_marker_parent
[2025-03-10T01:15:49.096+0800] {logging_mixin.py:190} INFO - [2025-03-10T01:15:49.096+0800] {override.py:1912} INFO - Created Permission View: can delete on DAG Run:example_external_task_marker_parent
[2025-03-10T01:15:49.098+0800] {logging_mixin.py:190} INFO - [2025-03-10T01:15:49.098+0800] {override.py:1912} INFO - Created Permission View: can create on DAG Run:example_external_task_marker_parent
[2025-03-10T01:15:49.100+0800] {logging_mixin.py:190} INFO - [2025-03-10T01:15:49.100+0800] {override.py:1912} INFO - Created Permission View: menu access on DAG Run:example_external_task_marker_parent
[2025-03-10T01:15:49.102+0800] {logging_mixin.py:190} INFO - [2025-03-10T01:15:49.102+0800] {override.py:1912} INFO - Created Permission View: can read on DAG Run:example_external_task_marker_parent
[2025-03-10T01:15:49.102+0800] {logging_mixin.py:190} INFO - [2025-03-10T01:15:49.102+0800] {dag.py:3239} INFO - Sync 2 DAGs
[2025-03-10T01:15:49.106+0800] {logging_mixin.py:190} INFO - [2025-03-10T01:15:49.106+0800] {dag.py:3262} INFO - Creating ORM DAG for example_external_task_marker_child
[2025-03-10T01:15:49.106+0800] {logging_mixin.py:190} INFO - [2025-03-10T01:15:49.106+0800] {dag.py:3262} INFO - Creating ORM DAG for example_external_task_marker_parent
[2025-03-10T01:15:49.106+0800] {logging_mixin.py:190} INFO - [2025-03-10T01:15:49.106+0800] {dag.py:4180} INFO - Setting next_dagrun for example_external_task_marker_child to None, run_after=None
[2025-03-10T01:15:49.106+0800] {logging_mixin.py:190} INFO - [2025-03-10T01:15:49.106+0800] {dag.py:4180} INFO - Setting next_dagrun for example_external_task_marker_parent to None, run_after=None
[2025-03-10T01:15:49.112+0800] {processor.py:208} INFO - Processing /Users/sinler/Documents/GitHub/market-sentiment-analysis/.airflow/lib/python3.12/site-packages/airflow/example_dags/example_external_task_marker_dag.py took 0.139 seconds
