[2025-03-10T01:14:49.625+0800] {processor.py:186} INFO - Started process (PID=37692) to work on /Users/sinler/Documents/GitHub/market-sentiment-analysis/.airflow/lib/python3.12/site-packages/airflow/example_dags/example_xcomargs.py
[2025-03-10T01:14:49.625+0800] {processor.py:914} INFO - Processing file /Users/sinler/Documents/GitHub/market-sentiment-analysis/.airflow/lib/python3.12/site-packages/airflow/example_dags/example_xcomargs.py for tasks to queue
[2025-03-10T01:14:49.626+0800] {logging_mixin.py:190} INFO - [2025-03-10T01:14:49.626+0800] {dagbag.py:588} INFO - Filling up the DagBag from /Users/sinler/Documents/GitHub/market-sentiment-analysis/.airflow/lib/python3.12/site-packages/airflow/example_dags/example_xcomargs.py
[2025-03-10T01:14:49.651+0800] {processor.py:925} INFO - DAG(s) 'example_xcom_args', 'example_xcom_args_with_operators' retrieved from /Users/sinler/Documents/GitHub/market-sentiment-analysis/.airflow/lib/python3.12/site-packages/airflow/example_dags/example_xcomargs.py
[2025-03-10T01:14:49.739+0800] {logging_mixin.py:190} INFO - [2025-03-10T01:14:49.739+0800] {override.py:1912} INFO - Created Permission View: can delete on DAG:example_xcom_args
[2025-03-10T01:14:49.742+0800] {logging_mixin.py:190} INFO - [2025-03-10T01:14:49.742+0800] {override.py:1912} INFO - Created Permission View: can edit on DAG:example_xcom_args
[2025-03-10T01:14:49.744+0800] {logging_mixin.py:190} INFO - [2025-03-10T01:14:49.744+0800] {override.py:1912} INFO - Created Permission View: can read on DAG:example_xcom_args
[2025-03-10T01:14:49.747+0800] {logging_mixin.py:190} INFO - [2025-03-10T01:14:49.747+0800] {override.py:1912} INFO - Created Permission View: can create on DAG Run:example_xcom_args
[2025-03-10T01:14:49.749+0800] {logging_mixin.py:190} INFO - [2025-03-10T01:14:49.749+0800] {override.py:1912} INFO - Created Permission View: can delete on DAG Run:example_xcom_args
[2025-03-10T01:14:49.751+0800] {logging_mixin.py:190} INFO - [2025-03-10T01:14:49.751+0800] {override.py:1912} INFO - Created Permission View: menu access on DAG Run:example_xcom_args
[2025-03-10T01:14:49.753+0800] {logging_mixin.py:190} INFO - [2025-03-10T01:14:49.753+0800] {override.py:1912} INFO - Created Permission View: can read on DAG Run:example_xcom_args
[2025-03-10T01:14:49.757+0800] {logging_mixin.py:190} INFO - [2025-03-10T01:14:49.757+0800] {override.py:1912} INFO - Created Permission View: can delete on DAG:example_xcom_args_with_operators
[2025-03-10T01:14:49.759+0800] {logging_mixin.py:190} INFO - [2025-03-10T01:14:49.759+0800] {override.py:1912} INFO - Created Permission View: can edit on DAG:example_xcom_args_with_operators
[2025-03-10T01:14:49.761+0800] {logging_mixin.py:190} INFO - [2025-03-10T01:14:49.761+0800] {override.py:1912} INFO - Created Permission View: can read on DAG:example_xcom_args_with_operators
[2025-03-10T01:14:49.764+0800] {logging_mixin.py:190} INFO - [2025-03-10T01:14:49.764+0800] {override.py:1912} INFO - Created Permission View: can create on DAG Run:example_xcom_args_with_operators
[2025-03-10T01:14:49.766+0800] {logging_mixin.py:190} INFO - [2025-03-10T01:14:49.766+0800] {override.py:1912} INFO - Created Permission View: can delete on DAG Run:example_xcom_args_with_operators
[2025-03-10T01:14:49.768+0800] {logging_mixin.py:190} INFO - [2025-03-10T01:14:49.768+0800] {override.py:1912} INFO - Created Permission View: menu access on DAG Run:example_xcom_args_with_operators
[2025-03-10T01:14:49.770+0800] {logging_mixin.py:190} INFO - [2025-03-10T01:14:49.770+0800] {override.py:1912} INFO - Created Permission View: can read on DAG Run:example_xcom_args_with_operators
[2025-03-10T01:14:49.770+0800] {logging_mixin.py:190} INFO - [2025-03-10T01:14:49.770+0800] {dag.py:3239} INFO - Sync 2 DAGs
[2025-03-10T01:14:49.775+0800] {logging_mixin.py:190} INFO - [2025-03-10T01:14:49.774+0800] {dag.py:3262} INFO - Creating ORM DAG for example_xcom_args
[2025-03-10T01:14:49.775+0800] {logging_mixin.py:190} INFO - [2025-03-10T01:14:49.775+0800] {dag.py:3262} INFO - Creating ORM DAG for example_xcom_args_with_operators
[2025-03-10T01:14:49.775+0800] {logging_mixin.py:190} INFO - [2025-03-10T01:14:49.775+0800] {dag.py:4180} INFO - Setting next_dagrun for example_xcom_args to None, run_after=None
[2025-03-10T01:14:49.775+0800] {logging_mixin.py:190} INFO - [2025-03-10T01:14:49.775+0800] {dag.py:4180} INFO - Setting next_dagrun for example_xcom_args_with_operators to None, run_after=None
[2025-03-10T01:14:49.814+0800] {processor.py:208} INFO - Processing /Users/sinler/Documents/GitHub/market-sentiment-analysis/.airflow/lib/python3.12/site-packages/airflow/example_dags/example_xcomargs.py took 0.191 seconds
