[2025-03-10T01:15:59.811+0800] {processor.py:186} INFO - Started process (PID=38411) to work on /Users/sinler/Documents/GitHub/market-sentiment-analysis/.airflow/lib/python3.12/site-packages/airflow/example_dags/example_dataset_alias_with_no_taskflow.py
[2025-03-10T01:15:59.812+0800] {processor.py:914} INFO - Processing file /Users/sinler/Documents/GitHub/market-sentiment-analysis/.airflow/lib/python3.12/site-packages/airflow/example_dags/example_dataset_alias_with_no_taskflow.py for tasks to queue
[2025-03-10T01:15:59.813+0800] {logging_mixin.py:190} INFO - [2025-03-10T01:15:59.813+0800] {dagbag.py:588} INFO - Filling up the DagBag from /Users/sinler/Documents/GitHub/market-sentiment-analysis/.airflow/lib/python3.12/site-packages/airflow/example_dags/example_dataset_alias_with_no_taskflow.py
[2025-03-10T01:15:59.885+0800] {processor.py:925} INFO - DAG(s) 'dataset_s3_bucket_consumer_with_no_taskflow', 'dataset_s3_bucket_producer_with_no_taskflow', 'dataset_alias_example_alias_producer_with_no_taskflow', 'dataset_alias_example_alias_consumer_with_no_taskflow' retrieved from /Users/sinler/Documents/GitHub/market-sentiment-analysis/.airflow/lib/python3.12/site-packages/airflow/example_dags/example_dataset_alias_with_no_taskflow.py
[2025-03-10T01:15:59.939+0800] {logging_mixin.py:190} INFO - [2025-03-10T01:15:59.939+0800] {override.py:1912} INFO - Created Permission View: can read on DAG:dataset_s3_bucket_consumer_with_no_taskflow
[2025-03-10T01:15:59.943+0800] {logging_mixin.py:190} INFO - [2025-03-10T01:15:59.943+0800] {override.py:1912} INFO - Created Permission View: can edit on DAG:dataset_s3_bucket_consumer_with_no_taskflow
[2025-03-10T01:15:59.946+0800] {logging_mixin.py:190} INFO - [2025-03-10T01:15:59.945+0800] {override.py:1912} INFO - Created Permission View: can delete on DAG:dataset_s3_bucket_consumer_with_no_taskflow
[2025-03-10T01:15:59.949+0800] {logging_mixin.py:190} INFO - [2025-03-10T01:15:59.949+0800] {override.py:1912} INFO - Created Permission View: menu access on DAG Run:dataset_s3_bucket_consumer_with_no_taskflow
[2025-03-10T01:15:59.951+0800] {logging_mixin.py:190} INFO - [2025-03-10T01:15:59.951+0800] {override.py:1912} INFO - Created Permission View: can read on DAG Run:dataset_s3_bucket_consumer_with_no_taskflow
[2025-03-10T01:15:59.954+0800] {logging_mixin.py:190} INFO - [2025-03-10T01:15:59.953+0800] {override.py:1912} INFO - Created Permission View: can create on DAG Run:dataset_s3_bucket_consumer_with_no_taskflow
[2025-03-10T01:15:59.956+0800] {logging_mixin.py:190} INFO - [2025-03-10T01:15:59.956+0800] {override.py:1912} INFO - Created Permission View: can delete on DAG Run:dataset_s3_bucket_consumer_with_no_taskflow
[2025-03-10T01:15:59.961+0800] {logging_mixin.py:190} INFO - [2025-03-10T01:15:59.961+0800] {override.py:1912} INFO - Created Permission View: can read on DAG:dataset_s3_bucket_producer_with_no_taskflow
[2025-03-10T01:15:59.964+0800] {logging_mixin.py:190} INFO - [2025-03-10T01:15:59.964+0800] {override.py:1912} INFO - Created Permission View: can edit on DAG:dataset_s3_bucket_producer_with_no_taskflow
[2025-03-10T01:15:59.966+0800] {logging_mixin.py:190} INFO - [2025-03-10T01:15:59.966+0800] {override.py:1912} INFO - Created Permission View: can delete on DAG:dataset_s3_bucket_producer_with_no_taskflow
[2025-03-10T01:15:59.969+0800] {logging_mixin.py:190} INFO - [2025-03-10T01:15:59.969+0800] {override.py:1912} INFO - Created Permission View: menu access on DAG Run:dataset_s3_bucket_producer_with_no_taskflow
[2025-03-10T01:15:59.972+0800] {logging_mixin.py:190} INFO - [2025-03-10T01:15:59.971+0800] {override.py:1912} INFO - Created Permission View: can read on DAG Run:dataset_s3_bucket_producer_with_no_taskflow
[2025-03-10T01:15:59.974+0800] {logging_mixin.py:190} INFO - [2025-03-10T01:15:59.974+0800] {override.py:1912} INFO - Created Permission View: can create on DAG Run:dataset_s3_bucket_producer_with_no_taskflow
[2025-03-10T01:15:59.976+0800] {logging_mixin.py:190} INFO - [2025-03-10T01:15:59.976+0800] {override.py:1912} INFO - Created Permission View: can delete on DAG Run:dataset_s3_bucket_producer_with_no_taskflow
[2025-03-10T01:15:59.982+0800] {logging_mixin.py:190} INFO - [2025-03-10T01:15:59.982+0800] {override.py:1912} INFO - Created Permission View: can read on DAG:dataset_alias_example_alias_producer_with_no_taskflow
[2025-03-10T01:15:59.985+0800] {logging_mixin.py:190} INFO - [2025-03-10T01:15:59.984+0800] {override.py:1912} INFO - Created Permission View: can edit on DAG:dataset_alias_example_alias_producer_with_no_taskflow
[2025-03-10T01:15:59.987+0800] {logging_mixin.py:190} INFO - [2025-03-10T01:15:59.987+0800] {override.py:1912} INFO - Created Permission View: can delete on DAG:dataset_alias_example_alias_producer_with_no_taskflow
[2025-03-10T01:15:59.991+0800] {logging_mixin.py:190} INFO - [2025-03-10T01:15:59.990+0800] {override.py:1912} INFO - Created Permission View: menu access on DAG Run:dataset_alias_example_alias_producer_with_no_taskflow
[2025-03-10T01:15:59.993+0800] {logging_mixin.py:190} INFO - [2025-03-10T01:15:59.993+0800] {override.py:1912} INFO - Created Permission View: can read on DAG Run:dataset_alias_example_alias_producer_with_no_taskflow
[2025-03-10T01:15:59.995+0800] {logging_mixin.py:190} INFO - [2025-03-10T01:15:59.995+0800] {override.py:1912} INFO - Created Permission View: can create on DAG Run:dataset_alias_example_alias_producer_with_no_taskflow
[2025-03-10T01:15:59.997+0800] {logging_mixin.py:190} INFO - [2025-03-10T01:15:59.997+0800] {override.py:1912} INFO - Created Permission View: can delete on DAG Run:dataset_alias_example_alias_producer_with_no_taskflow
[2025-03-10T01:16:00.003+0800] {logging_mixin.py:190} INFO - [2025-03-10T01:16:00.003+0800] {override.py:1912} INFO - Created Permission View: can read on DAG:dataset_alias_example_alias_consumer_with_no_taskflow
[2025-03-10T01:16:00.006+0800] {logging_mixin.py:190} INFO - [2025-03-10T01:16:00.005+0800] {override.py:1912} INFO - Created Permission View: can edit on DAG:dataset_alias_example_alias_consumer_with_no_taskflow
[2025-03-10T01:16:00.008+0800] {logging_mixin.py:190} INFO - [2025-03-10T01:16:00.008+0800] {override.py:1912} INFO - Created Permission View: can delete on DAG:dataset_alias_example_alias_consumer_with_no_taskflow
[2025-03-10T01:16:00.011+0800] {logging_mixin.py:190} INFO - [2025-03-10T01:16:00.011+0800] {override.py:1912} INFO - Created Permission View: menu access on DAG Run:dataset_alias_example_alias_consumer_with_no_taskflow
[2025-03-10T01:16:00.015+0800] {logging_mixin.py:190} INFO - [2025-03-10T01:16:00.015+0800] {override.py:1912} INFO - Created Permission View: can read on DAG Run:dataset_alias_example_alias_consumer_with_no_taskflow
[2025-03-10T01:16:00.017+0800] {logging_mixin.py:190} INFO - [2025-03-10T01:16:00.017+0800] {override.py:1912} INFO - Created Permission View: can create on DAG Run:dataset_alias_example_alias_consumer_with_no_taskflow
[2025-03-10T01:16:00.020+0800] {logging_mixin.py:190} INFO - [2025-03-10T01:16:00.020+0800] {override.py:1912} INFO - Created Permission View: can delete on DAG Run:dataset_alias_example_alias_consumer_with_no_taskflow
[2025-03-10T01:16:00.020+0800] {logging_mixin.py:190} INFO - [2025-03-10T01:16:00.020+0800] {dag.py:3239} INFO - Sync 4 DAGs
[2025-03-10T01:16:00.070+0800] {logging_mixin.py:190} INFO - [2025-03-10T01:16:00.070+0800] {dag.py:3262} INFO - Creating ORM DAG for dataset_alias_example_alias_consumer_with_no_taskflow
[2025-03-10T01:16:00.071+0800] {logging_mixin.py:190} INFO - [2025-03-10T01:16:00.071+0800] {dag.py:3262} INFO - Creating ORM DAG for dataset_alias_example_alias_producer_with_no_taskflow
[2025-03-10T01:16:00.071+0800] {logging_mixin.py:190} INFO - [2025-03-10T01:16:00.071+0800] {dag.py:3262} INFO - Creating ORM DAG for dataset_s3_bucket_producer_with_no_taskflow
[2025-03-10T01:16:00.071+0800] {logging_mixin.py:190} INFO - [2025-03-10T01:16:00.071+0800] {dag.py:3262} INFO - Creating ORM DAG for dataset_s3_bucket_consumer_with_no_taskflow
[2025-03-10T01:16:00.074+0800] {logging_mixin.py:190} INFO - [2025-03-10T01:16:00.074+0800] {dag.py:4180} INFO - Setting next_dagrun for dataset_alias_example_alias_consumer_with_no_taskflow to None, run_after=None
[2025-03-10T01:16:00.075+0800] {logging_mixin.py:190} INFO - [2025-03-10T01:16:00.075+0800] {dag.py:4180} INFO - Setting next_dagrun for dataset_alias_example_alias_producer_with_no_taskflow to None, run_after=None
[2025-03-10T01:16:00.075+0800] {logging_mixin.py:190} INFO - [2025-03-10T01:16:00.075+0800] {dag.py:4180} INFO - Setting next_dagrun for dataset_s3_bucket_consumer_with_no_taskflow to None, run_after=None
[2025-03-10T01:16:00.075+0800] {logging_mixin.py:190} INFO - [2025-03-10T01:16:00.075+0800] {dag.py:4180} INFO - Setting next_dagrun for dataset_s3_bucket_producer_with_no_taskflow to None, run_after=None
[2025-03-10T01:16:00.083+0800] {logging_mixin.py:190} INFO - [2025-03-10T01:16:00.082+0800] {workday.py:41} WARNING - Could not import pandas. Holidays will not be considered.
[2025-03-10T01:16:00.090+0800] {processor.py:208} INFO - Processing /Users/sinler/Documents/GitHub/market-sentiment-analysis/.airflow/lib/python3.12/site-packages/airflow/example_dags/example_dataset_alias_with_no_taskflow.py took 0.280 seconds
