[2025-03-10T01:16:18.846+0800] {processor.py:186} INFO - Started process (PID=38606) to work on /Users/sinler/Documents/GitHub/market-sentiment-analysis/.airflow/lib/python3.12/site-packages/airflow/example_dags/example_branch_datetime_operator.py
[2025-03-10T01:16:18.847+0800] {processor.py:914} INFO - Processing file /Users/sinler/Documents/GitHub/market-sentiment-analysis/.airflow/lib/python3.12/site-packages/airflow/example_dags/example_branch_datetime_operator.py for tasks to queue
[2025-03-10T01:16:18.847+0800] {logging_mixin.py:190} INFO - [2025-03-10T01:16:18.847+0800] {dagbag.py:588} INFO - Filling up the DagBag from /Users/sinler/Documents/GitHub/market-sentiment-analysis/.airflow/lib/python3.12/site-packages/airflow/example_dags/example_branch_datetime_operator.py
[2025-03-10T01:16:18.856+0800] {processor.py:925} INFO - DAG(s) 'example_branch_datetime_operator_2', 'example_branch_datetime_operator_3', 'example_branch_datetime_operator' retrieved from /Users/sinler/Documents/GitHub/market-sentiment-analysis/.airflow/lib/python3.12/site-packages/airflow/example_dags/example_branch_datetime_operator.py
[2025-03-10T01:16:18.947+0800] {logging_mixin.py:190} INFO - [2025-03-10T01:16:18.947+0800] {override.py:1912} INFO - Created Permission View: can delete on DAG:example_branch_datetime_operator_2
[2025-03-10T01:16:18.951+0800] {logging_mixin.py:190} INFO - [2025-03-10T01:16:18.951+0800] {override.py:1912} INFO - Created Permission View: can read on DAG:example_branch_datetime_operator_2
[2025-03-10T01:16:18.954+0800] {logging_mixin.py:190} INFO - [2025-03-10T01:16:18.954+0800] {override.py:1912} INFO - Created Permission View: can edit on DAG:example_branch_datetime_operator_2
[2025-03-10T01:16:18.957+0800] {logging_mixin.py:190} INFO - [2025-03-10T01:16:18.957+0800] {override.py:1912} INFO - Created Permission View: can delete on DAG Run:example_branch_datetime_operator_2
[2025-03-10T01:16:18.959+0800] {logging_mixin.py:190} INFO - [2025-03-10T01:16:18.959+0800] {override.py:1912} INFO - Created Permission View: menu access on DAG Run:example_branch_datetime_operator_2
[2025-03-10T01:16:18.962+0800] {logging_mixin.py:190} INFO - [2025-03-10T01:16:18.961+0800] {override.py:1912} INFO - Created Permission View: can read on DAG Run:example_branch_datetime_operator_2
[2025-03-10T01:16:18.964+0800] {logging_mixin.py:190} INFO - [2025-03-10T01:16:18.964+0800] {override.py:1912} INFO - Created Permission View: can create on DAG Run:example_branch_datetime_operator_2
[2025-03-10T01:16:18.970+0800] {logging_mixin.py:190} INFO - [2025-03-10T01:16:18.970+0800] {override.py:1912} INFO - Created Permission View: can delete on DAG:example_branch_datetime_operator_3
[2025-03-10T01:16:18.972+0800] {logging_mixin.py:190} INFO - [2025-03-10T01:16:18.972+0800] {override.py:1912} INFO - Created Permission View: can read on DAG:example_branch_datetime_operator_3
[2025-03-10T01:16:18.975+0800] {logging_mixin.py:190} INFO - [2025-03-10T01:16:18.975+0800] {override.py:1912} INFO - Created Permission View: can edit on DAG:example_branch_datetime_operator_3
[2025-03-10T01:16:18.978+0800] {logging_mixin.py:190} INFO - [2025-03-10T01:16:18.978+0800] {override.py:1912} INFO - Created Permission View: can delete on DAG Run:example_branch_datetime_operator_3
[2025-03-10T01:16:18.980+0800] {logging_mixin.py:190} INFO - [2025-03-10T01:16:18.980+0800] {override.py:1912} INFO - Created Permission View: menu access on DAG Run:example_branch_datetime_operator_3
[2025-03-10T01:16:18.982+0800] {logging_mixin.py:190} INFO - [2025-03-10T01:16:18.982+0800] {override.py:1912} INFO - Created Permission View: can read on DAG Run:example_branch_datetime_operator_3
[2025-03-10T01:16:18.984+0800] {logging_mixin.py:190} INFO - [2025-03-10T01:16:18.984+0800] {override.py:1912} INFO - Created Permission View: can create on DAG Run:example_branch_datetime_operator_3
[2025-03-10T01:16:18.989+0800] {logging_mixin.py:190} INFO - [2025-03-10T01:16:18.989+0800] {override.py:1912} INFO - Created Permission View: can delete on DAG:example_branch_datetime_operator
[2025-03-10T01:16:18.991+0800] {logging_mixin.py:190} INFO - [2025-03-10T01:16:18.991+0800] {override.py:1912} INFO - Created Permission View: can read on DAG:example_branch_datetime_operator
[2025-03-10T01:16:18.993+0800] {logging_mixin.py:190} INFO - [2025-03-10T01:16:18.993+0800] {override.py:1912} INFO - Created Permission View: can edit on DAG:example_branch_datetime_operator
[2025-03-10T01:16:18.997+0800] {logging_mixin.py:190} INFO - [2025-03-10T01:16:18.996+0800] {override.py:1912} INFO - Created Permission View: can delete on DAG Run:example_branch_datetime_operator
[2025-03-10T01:16:18.999+0800] {logging_mixin.py:190} INFO - [2025-03-10T01:16:18.999+0800] {override.py:1912} INFO - Created Permission View: menu access on DAG Run:example_branch_datetime_operator
[2025-03-10T01:16:19.001+0800] {logging_mixin.py:190} INFO - [2025-03-10T01:16:19.001+0800] {override.py:1912} INFO - Created Permission View: can read on DAG Run:example_branch_datetime_operator
[2025-03-10T01:16:19.003+0800] {logging_mixin.py:190} INFO - [2025-03-10T01:16:19.003+0800] {override.py:1912} INFO - Created Permission View: can create on DAG Run:example_branch_datetime_operator
[2025-03-10T01:16:19.004+0800] {logging_mixin.py:190} INFO - [2025-03-10T01:16:19.003+0800] {dag.py:3239} INFO - Sync 3 DAGs
[2025-03-10T01:16:19.009+0800] {logging_mixin.py:190} INFO - [2025-03-10T01:16:19.009+0800] {dag.py:3262} INFO - Creating ORM DAG for example_branch_datetime_operator_3
[2025-03-10T01:16:19.009+0800] {logging_mixin.py:190} INFO - [2025-03-10T01:16:19.009+0800] {dag.py:3262} INFO - Creating ORM DAG for example_branch_datetime_operator_2
[2025-03-10T01:16:19.009+0800] {logging_mixin.py:190} INFO - [2025-03-10T01:16:19.009+0800] {dag.py:3262} INFO - Creating ORM DAG for example_branch_datetime_operator
[2025-03-10T01:16:19.013+0800] {logging_mixin.py:190} INFO - [2025-03-10T01:16:19.013+0800] {dag.py:4180} INFO - Setting next_dagrun for example_branch_datetime_operator to 2025-03-08 00:00:00+00:00, run_after=2025-03-09 00:00:00+00:00
[2025-03-10T01:16:19.013+0800] {logging_mixin.py:190} INFO - [2025-03-10T01:16:19.013+0800] {dag.py:4180} INFO - Setting next_dagrun for example_branch_datetime_operator_2 to 2025-03-08 00:00:00+00:00, run_after=2025-03-09 00:00:00+00:00
[2025-03-10T01:16:19.014+0800] {logging_mixin.py:190} INFO - [2025-03-10T01:16:19.014+0800] {dag.py:4180} INFO - Setting next_dagrun for example_branch_datetime_operator_3 to 2025-03-08 00:00:00+00:00, run_after=2025-03-09 00:00:00+00:00
[2025-03-10T01:16:19.021+0800] {processor.py:208} INFO - Processing /Users/sinler/Documents/GitHub/market-sentiment-analysis/.airflow/lib/python3.12/site-packages/airflow/example_dags/example_branch_datetime_operator.py took 0.177 seconds
