[2025-03-10T01:15:34.901+0800] {processor.py:186} INFO - Started process (PID=38165) to work on /Users/sinler/Documents/GitHub/market-sentiment-analysis/.airflow/lib/python3.12/site-packages/airflow/example_dags/example_outlet_event_extra.py
[2025-03-10T01:15:34.902+0800] {processor.py:914} INFO - Processing file /Users/sinler/Documents/GitHub/market-sentiment-analysis/.airflow/lib/python3.12/site-packages/airflow/example_dags/example_outlet_event_extra.py for tasks to queue
[2025-03-10T01:15:34.903+0800] {logging_mixin.py:190} INFO - [2025-03-10T01:15:34.902+0800] {dagbag.py:588} INFO - Filling up the DagBag from /Users/sinler/Documents/GitHub/market-sentiment-analysis/.airflow/lib/python3.12/site-packages/airflow/example_dags/example_outlet_event_extra.py
[2025-03-10T01:15:34.963+0800] {processor.py:925} INFO - DAG(s) 'dataset_with_extra_from_classic_operator', 'dataset_with_extra_by_yield', 'dataset_with_extra_by_context' retrieved from /Users/sinler/Documents/GitHub/market-sentiment-analysis/.airflow/lib/python3.12/site-packages/airflow/example_dags/example_outlet_event_extra.py
[2025-03-10T01:15:35.045+0800] {logging_mixin.py:190} INFO - [2025-03-10T01:15:35.044+0800] {override.py:1912} INFO - Created Permission View: can read on DAG:dataset_with_extra_from_classic_operator
[2025-03-10T01:15:35.048+0800] {logging_mixin.py:190} INFO - [2025-03-10T01:15:35.048+0800] {override.py:1912} INFO - Created Permission View: can delete on DAG:dataset_with_extra_from_classic_operator
[2025-03-10T01:15:35.050+0800] {logging_mixin.py:190} INFO - [2025-03-10T01:15:35.050+0800] {override.py:1912} INFO - Created Permission View: can edit on DAG:dataset_with_extra_from_classic_operator
[2025-03-10T01:15:35.053+0800] {logging_mixin.py:190} INFO - [2025-03-10T01:15:35.053+0800] {override.py:1912} INFO - Created Permission View: can create on DAG Run:dataset_with_extra_from_classic_operator
[2025-03-10T01:15:35.055+0800] {logging_mixin.py:190} INFO - [2025-03-10T01:15:35.055+0800] {override.py:1912} INFO - Created Permission View: can read on DAG Run:dataset_with_extra_from_classic_operator
[2025-03-10T01:15:35.057+0800] {logging_mixin.py:190} INFO - [2025-03-10T01:15:35.057+0800] {override.py:1912} INFO - Created Permission View: can delete on DAG Run:dataset_with_extra_from_classic_operator
[2025-03-10T01:15:35.059+0800] {logging_mixin.py:190} INFO - [2025-03-10T01:15:35.059+0800] {override.py:1912} INFO - Created Permission View: menu access on DAG Run:dataset_with_extra_from_classic_operator
[2025-03-10T01:15:35.064+0800] {logging_mixin.py:190} INFO - [2025-03-10T01:15:35.063+0800] {override.py:1912} INFO - Created Permission View: can read on DAG:dataset_with_extra_by_yield
[2025-03-10T01:15:35.066+0800] {logging_mixin.py:190} INFO - [2025-03-10T01:15:35.065+0800] {override.py:1912} INFO - Created Permission View: can delete on DAG:dataset_with_extra_by_yield
[2025-03-10T01:15:35.068+0800] {logging_mixin.py:190} INFO - [2025-03-10T01:15:35.067+0800] {override.py:1912} INFO - Created Permission View: can edit on DAG:dataset_with_extra_by_yield
[2025-03-10T01:15:35.071+0800] {logging_mixin.py:190} INFO - [2025-03-10T01:15:35.070+0800] {override.py:1912} INFO - Created Permission View: can create on DAG Run:dataset_with_extra_by_yield
[2025-03-10T01:15:35.073+0800] {logging_mixin.py:190} INFO - [2025-03-10T01:15:35.073+0800] {override.py:1912} INFO - Created Permission View: can read on DAG Run:dataset_with_extra_by_yield
[2025-03-10T01:15:35.074+0800] {logging_mixin.py:190} INFO - [2025-03-10T01:15:35.074+0800] {override.py:1912} INFO - Created Permission View: can delete on DAG Run:dataset_with_extra_by_yield
[2025-03-10T01:15:35.077+0800] {logging_mixin.py:190} INFO - [2025-03-10T01:15:35.077+0800] {override.py:1912} INFO - Created Permission View: menu access on DAG Run:dataset_with_extra_by_yield
[2025-03-10T01:15:35.081+0800] {logging_mixin.py:190} INFO - [2025-03-10T01:15:35.081+0800] {override.py:1912} INFO - Created Permission View: can read on DAG:dataset_with_extra_by_context
[2025-03-10T01:15:35.083+0800] {logging_mixin.py:190} INFO - [2025-03-10T01:15:35.083+0800] {override.py:1912} INFO - Created Permission View: can delete on DAG:dataset_with_extra_by_context
[2025-03-10T01:15:35.085+0800] {logging_mixin.py:190} INFO - [2025-03-10T01:15:35.084+0800] {override.py:1912} INFO - Created Permission View: can edit on DAG:dataset_with_extra_by_context
[2025-03-10T01:15:35.087+0800] {logging_mixin.py:190} INFO - [2025-03-10T01:15:35.087+0800] {override.py:1912} INFO - Created Permission View: can create on DAG Run:dataset_with_extra_by_context
[2025-03-10T01:15:35.089+0800] {logging_mixin.py:190} INFO - [2025-03-10T01:15:35.089+0800] {override.py:1912} INFO - Created Permission View: can read on DAG Run:dataset_with_extra_by_context
[2025-03-10T01:15:35.091+0800] {logging_mixin.py:190} INFO - [2025-03-10T01:15:35.091+0800] {override.py:1912} INFO - Created Permission View: can delete on DAG Run:dataset_with_extra_by_context
[2025-03-10T01:15:35.093+0800] {logging_mixin.py:190} INFO - [2025-03-10T01:15:35.093+0800] {override.py:1912} INFO - Created Permission View: menu access on DAG Run:dataset_with_extra_by_context
[2025-03-10T01:15:35.093+0800] {logging_mixin.py:190} INFO - [2025-03-10T01:15:35.093+0800] {dag.py:3239} INFO - Sync 3 DAGs
[2025-03-10T01:15:35.125+0800] {logging_mixin.py:190} INFO - [2025-03-10T01:15:35.125+0800] {dag.py:3262} INFO - Creating ORM DAG for dataset_with_extra_by_context
[2025-03-10T01:15:35.125+0800] {logging_mixin.py:190} INFO - [2025-03-10T01:15:35.125+0800] {dag.py:3262} INFO - Creating ORM DAG for dataset_with_extra_from_classic_operator
[2025-03-10T01:15:35.125+0800] {logging_mixin.py:190} INFO - [2025-03-10T01:15:35.125+0800] {dag.py:3262} INFO - Creating ORM DAG for dataset_with_extra_by_yield
[2025-03-10T01:15:35.128+0800] {logging_mixin.py:190} INFO - [2025-03-10T01:15:35.128+0800] {dag.py:4180} INFO - Setting next_dagrun for dataset_with_extra_by_context to 2025-03-08 00:00:00+00:00, run_after=2025-03-09 00:00:00+00:00
[2025-03-10T01:15:35.129+0800] {logging_mixin.py:190} INFO - [2025-03-10T01:15:35.129+0800] {dag.py:4180} INFO - Setting next_dagrun for dataset_with_extra_by_yield to 2025-03-08 00:00:00+00:00, run_after=2025-03-09 00:00:00+00:00
[2025-03-10T01:15:35.129+0800] {logging_mixin.py:190} INFO - [2025-03-10T01:15:35.129+0800] {dag.py:4180} INFO - Setting next_dagrun for dataset_with_extra_from_classic_operator to 2025-03-08 00:00:00+00:00, run_after=2025-03-09 00:00:00+00:00
[2025-03-10T01:15:35.138+0800] {logging_mixin.py:190} INFO - [2025-03-10T01:15:35.138+0800] {workday.py:41} WARNING - Could not import pandas. Holidays will not be considered.
[2025-03-10T01:15:35.144+0800] {processor.py:208} INFO - Processing /Users/sinler/Documents/GitHub/market-sentiment-analysis/.airflow/lib/python3.12/site-packages/airflow/example_dags/example_outlet_event_extra.py took 0.245 seconds
