[2025-04-24T17:09:03.574+0000] {processor.py:186} INFO - Started process (PID=84) to work on /opt/airflow/dags/dag_prices.py
[2025-04-24T17:09:03.576+0000] {processor.py:914} INFO - Processing file /opt/airflow/dags/dag_prices.py for tasks to queue
[2025-04-24T17:09:03.582+0000] {logging_mixin.py:190} INFO - [2025-04-24T17:09:03.581+0000] {dagbag.py:588} INFO - Filling up the DagBag from /opt/airflow/dags/dag_prices.py
[2025-04-24T17:09:04.539+0000] {processor.py:925} INFO - DAG(s) 'gold_prices_dag' retrieved from /opt/airflow/dags/dag_prices.py
[2025-04-24T17:09:05.656+0000] {logging_mixin.py:190} INFO - [2025-04-24T17:09:05.655+0000] {override.py:1912} INFO - Created Permission View: can delete on DAG:gold_prices_dag
[2025-04-24T17:09:05.683+0000] {logging_mixin.py:190} INFO - [2025-04-24T17:09:05.682+0000] {override.py:1912} INFO - Created Permission View: can read on DAG:gold_prices_dag
[2025-04-24T17:09:05.705+0000] {logging_mixin.py:190} INFO - [2025-04-24T17:09:05.704+0000] {override.py:1912} INFO - Created Permission View: can edit on DAG:gold_prices_dag
[2025-04-24T17:09:05.735+0000] {logging_mixin.py:190} INFO - [2025-04-24T17:09:05.735+0000] {override.py:1912} INFO - Created Permission View: can delete on DAG Run:gold_prices_dag
[2025-04-24T17:09:05.758+0000] {logging_mixin.py:190} INFO - [2025-04-24T17:09:05.757+0000] {override.py:1912} INFO - Created Permission View: can read on DAG Run:gold_prices_dag
[2025-04-24T17:09:05.778+0000] {logging_mixin.py:190} INFO - [2025-04-24T17:09:05.777+0000] {override.py:1912} INFO - Created Permission View: can create on DAG Run:gold_prices_dag
[2025-04-24T17:09:05.796+0000] {logging_mixin.py:190} INFO - [2025-04-24T17:09:05.795+0000] {override.py:1912} INFO - Created Permission View: menu access on DAG Run:gold_prices_dag
[2025-04-24T17:09:05.799+0000] {logging_mixin.py:190} INFO - [2025-04-24T17:09:05.798+0000] {dag.py:3239} INFO - Sync 1 DAGs
[2025-04-24T17:09:05.846+0000] {logging_mixin.py:190} INFO - [2025-04-24T17:09:05.845+0000] {dag.py:3262} INFO - Creating ORM DAG for gold_prices_dag
[2025-04-24T17:09:05.879+0000] {logging_mixin.py:190} INFO - [2025-04-24T17:09:05.878+0000] {dag.py:4180} INFO - Setting next_dagrun for gold_prices_dag to 2025-04-23 00:00:00+00:00, run_after=2025-04-24 00:00:00+00:00
[2025-04-24T17:09:05.939+0000] {processor.py:208} INFO - Processing /opt/airflow/dags/dag_prices.py took 2.378 seconds
[2025-04-24T17:11:21.619+0000] {processor.py:186} INFO - Started process (PID=85) to work on /opt/airflow/dags/dag_prices.py
[2025-04-24T17:11:21.622+0000] {processor.py:914} INFO - Processing file /opt/airflow/dags/dag_prices.py for tasks to queue
[2025-04-24T17:11:21.627+0000] {logging_mixin.py:190} INFO - [2025-04-24T17:11:21.626+0000] {dagbag.py:588} INFO - Filling up the DagBag from /opt/airflow/dags/dag_prices.py
[2025-04-24T17:11:22.567+0000] {processor.py:925} INFO - DAG(s) 'gold_prices_dag' retrieved from /opt/airflow/dags/dag_prices.py
[2025-04-24T17:11:22.654+0000] {logging_mixin.py:190} INFO - [2025-04-24T17:11:22.652+0000] {dag.py:3239} INFO - Sync 1 DAGs
[2025-04-24T17:11:22.743+0000] {logging_mixin.py:190} INFO - [2025-04-24T17:11:22.743+0000] {dag.py:4180} INFO - Setting next_dagrun for gold_prices_dag to 2025-04-23 00:00:00+00:00, run_after=2025-04-24 00:00:00+00:00
[2025-04-24T17:11:22.803+0000] {processor.py:208} INFO - Processing /opt/airflow/dags/dag_prices.py took 1.197 seconds
[2025-04-24T17:11:53.229+0000] {processor.py:186} INFO - Started process (PID=114) to work on /opt/airflow/dags/dag_prices.py
[2025-04-24T17:11:53.231+0000] {processor.py:914} INFO - Processing file /opt/airflow/dags/dag_prices.py for tasks to queue
[2025-04-24T17:11:53.237+0000] {logging_mixin.py:190} INFO - [2025-04-24T17:11:53.236+0000] {dagbag.py:588} INFO - Filling up the DagBag from /opt/airflow/dags/dag_prices.py
[2025-04-24T17:11:53.982+0000] {processor.py:925} INFO - DAG(s) 'gold_prices_dag' retrieved from /opt/airflow/dags/dag_prices.py
[2025-04-24T17:11:54.027+0000] {logging_mixin.py:190} INFO - [2025-04-24T17:11:54.026+0000] {dag.py:3239} INFO - Sync 1 DAGs
[2025-04-24T17:11:54.079+0000] {logging_mixin.py:190} INFO - [2025-04-24T17:11:54.078+0000] {dag.py:4180} INFO - Setting next_dagrun for gold_prices_dag to 2025-04-23 00:00:00+00:00, run_after=2025-04-24 00:00:00+00:00
[2025-04-24T17:11:54.119+0000] {processor.py:208} INFO - Processing /opt/airflow/dags/dag_prices.py took 0.901 seconds
[2025-04-24T17:12:24.343+0000] {processor.py:186} INFO - Started process (PID=141) to work on /opt/airflow/dags/dag_prices.py
[2025-04-24T17:12:24.345+0000] {processor.py:914} INFO - Processing file /opt/airflow/dags/dag_prices.py for tasks to queue
[2025-04-24T17:12:24.352+0000] {logging_mixin.py:190} INFO - [2025-04-24T17:12:24.351+0000] {dagbag.py:588} INFO - Filling up the DagBag from /opt/airflow/dags/dag_prices.py
[2025-04-24T17:12:25.597+0000] {processor.py:925} INFO - DAG(s) 'gold_prices_dag' retrieved from /opt/airflow/dags/dag_prices.py
[2025-04-24T17:12:25.690+0000] {logging_mixin.py:190} INFO - [2025-04-24T17:12:25.688+0000] {dag.py:3239} INFO - Sync 1 DAGs
[2025-04-24T17:12:25.769+0000] {logging_mixin.py:190} INFO - [2025-04-24T17:12:25.769+0000] {dag.py:4180} INFO - Setting next_dagrun for gold_prices_dag to 2025-04-23 00:00:00+00:00, run_after=2025-04-24 00:00:00+00:00
[2025-04-24T17:12:25.819+0000] {processor.py:208} INFO - Processing /opt/airflow/dags/dag_prices.py took 1.496 seconds
[2025-04-24T17:12:55.961+0000] {processor.py:186} INFO - Started process (PID=160) to work on /opt/airflow/dags/dag_prices.py
[2025-04-24T17:12:55.963+0000] {processor.py:914} INFO - Processing file /opt/airflow/dags/dag_prices.py for tasks to queue
[2025-04-24T17:12:55.970+0000] {logging_mixin.py:190} INFO - [2025-04-24T17:12:55.969+0000] {dagbag.py:588} INFO - Filling up the DagBag from /opt/airflow/dags/dag_prices.py
[2025-04-24T17:12:56.877+0000] {processor.py:925} INFO - DAG(s) 'gold_prices_dag' retrieved from /opt/airflow/dags/dag_prices.py
[2025-04-24T17:12:56.921+0000] {logging_mixin.py:190} INFO - [2025-04-24T17:12:56.920+0000] {dag.py:3239} INFO - Sync 1 DAGs
[2025-04-24T17:12:56.967+0000] {logging_mixin.py:190} INFO - [2025-04-24T17:12:56.967+0000] {dag.py:4180} INFO - Setting next_dagrun for gold_prices_dag to 2025-04-23 00:00:00+00:00, run_after=2025-04-24 00:00:00+00:00
[2025-04-24T17:12:57.005+0000] {processor.py:208} INFO - Processing /opt/airflow/dags/dag_prices.py took 1.060 seconds
[2025-04-24T17:13:27.183+0000] {processor.py:186} INFO - Started process (PID=188) to work on /opt/airflow/dags/dag_prices.py
[2025-04-24T17:13:27.185+0000] {processor.py:914} INFO - Processing file /opt/airflow/dags/dag_prices.py for tasks to queue
[2025-04-24T17:13:27.190+0000] {logging_mixin.py:190} INFO - [2025-04-24T17:13:27.189+0000] {dagbag.py:588} INFO - Filling up the DagBag from /opt/airflow/dags/dag_prices.py
[2025-04-24T17:13:27.886+0000] {processor.py:925} INFO - DAG(s) 'gold_prices_dag' retrieved from /opt/airflow/dags/dag_prices.py
[2025-04-24T17:13:27.937+0000] {logging_mixin.py:190} INFO - [2025-04-24T17:13:27.936+0000] {dag.py:3239} INFO - Sync 1 DAGs
[2025-04-24T17:13:27.989+0000] {logging_mixin.py:190} INFO - [2025-04-24T17:13:27.988+0000] {dag.py:4180} INFO - Setting next_dagrun for gold_prices_dag to 2025-04-23 00:00:00+00:00, run_after=2025-04-24 00:00:00+00:00
[2025-04-24T17:13:28.030+0000] {processor.py:208} INFO - Processing /opt/airflow/dags/dag_prices.py took 0.866 seconds
[2025-04-24T17:13:58.434+0000] {processor.py:186} INFO - Started process (PID=216) to work on /opt/airflow/dags/dag_prices.py
[2025-04-24T17:13:58.436+0000] {processor.py:914} INFO - Processing file /opt/airflow/dags/dag_prices.py for tasks to queue
[2025-04-24T17:13:58.445+0000] {logging_mixin.py:190} INFO - [2025-04-24T17:13:58.444+0000] {dagbag.py:588} INFO - Filling up the DagBag from /opt/airflow/dags/dag_prices.py
[2025-04-24T17:13:59.300+0000] {processor.py:925} INFO - DAG(s) 'gold_prices_dag' retrieved from /opt/airflow/dags/dag_prices.py
[2025-04-24T17:13:59.356+0000] {logging_mixin.py:190} INFO - [2025-04-24T17:13:59.354+0000] {dag.py:3239} INFO - Sync 1 DAGs
[2025-04-24T17:13:59.408+0000] {logging_mixin.py:190} INFO - [2025-04-24T17:13:59.408+0000] {dag.py:4180} INFO - Setting next_dagrun for gold_prices_dag to 2025-04-23 00:00:00+00:00, run_after=2025-04-24 00:00:00+00:00
[2025-04-24T17:13:59.443+0000] {processor.py:208} INFO - Processing /opt/airflow/dags/dag_prices.py took 1.031 seconds
[2025-04-24T17:14:29.774+0000] {processor.py:186} INFO - Started process (PID=227) to work on /opt/airflow/dags/dag_prices.py
[2025-04-24T17:14:29.777+0000] {processor.py:914} INFO - Processing file /opt/airflow/dags/dag_prices.py for tasks to queue
[2025-04-24T17:14:29.785+0000] {logging_mixin.py:190} INFO - [2025-04-24T17:14:29.783+0000] {dagbag.py:588} INFO - Filling up the DagBag from /opt/airflow/dags/dag_prices.py
[2025-04-24T17:14:30.514+0000] {processor.py:925} INFO - DAG(s) 'gold_prices_dag' retrieved from /opt/airflow/dags/dag_prices.py
[2025-04-24T17:14:30.554+0000] {logging_mixin.py:190} INFO - [2025-04-24T17:14:30.554+0000] {dag.py:3239} INFO - Sync 1 DAGs
[2025-04-24T17:14:30.599+0000] {logging_mixin.py:190} INFO - [2025-04-24T17:14:30.599+0000] {dag.py:4180} INFO - Setting next_dagrun for gold_prices_dag to 2025-04-23 00:00:00+00:00, run_after=2025-04-24 00:00:00+00:00
[2025-04-24T17:14:30.646+0000] {processor.py:208} INFO - Processing /opt/airflow/dags/dag_prices.py took 0.889 seconds
[2025-04-24T17:15:01.085+0000] {processor.py:186} INFO - Started process (PID=255) to work on /opt/airflow/dags/dag_prices.py
[2025-04-24T17:15:01.086+0000] {processor.py:914} INFO - Processing file /opt/airflow/dags/dag_prices.py for tasks to queue
[2025-04-24T17:15:01.091+0000] {logging_mixin.py:190} INFO - [2025-04-24T17:15:01.090+0000] {dagbag.py:588} INFO - Filling up the DagBag from /opt/airflow/dags/dag_prices.py
[2025-04-24T17:15:01.693+0000] {processor.py:925} INFO - DAG(s) 'gold_prices_dag' retrieved from /opt/airflow/dags/dag_prices.py
[2025-04-24T17:15:01.736+0000] {logging_mixin.py:190} INFO - [2025-04-24T17:15:01.735+0000] {dag.py:3239} INFO - Sync 1 DAGs
[2025-04-24T17:15:01.781+0000] {logging_mixin.py:190} INFO - [2025-04-24T17:15:01.781+0000] {dag.py:4180} INFO - Setting next_dagrun for gold_prices_dag to 2025-04-23 00:00:00+00:00, run_after=2025-04-24 00:00:00+00:00
[2025-04-24T17:15:01.826+0000] {processor.py:208} INFO - Processing /opt/airflow/dags/dag_prices.py took 0.755 seconds
[2025-04-24T17:15:32.074+0000] {processor.py:186} INFO - Started process (PID=283) to work on /opt/airflow/dags/dag_prices.py
[2025-04-24T17:15:32.077+0000] {processor.py:914} INFO - Processing file /opt/airflow/dags/dag_prices.py for tasks to queue
[2025-04-24T17:15:32.082+0000] {logging_mixin.py:190} INFO - [2025-04-24T17:15:32.081+0000] {dagbag.py:588} INFO - Filling up the DagBag from /opt/airflow/dags/dag_prices.py
[2025-04-24T17:15:32.634+0000] {processor.py:925} INFO - DAG(s) 'gold_prices_dag' retrieved from /opt/airflow/dags/dag_prices.py
[2025-04-24T17:15:32.674+0000] {logging_mixin.py:190} INFO - [2025-04-24T17:15:32.673+0000] {dag.py:3239} INFO - Sync 1 DAGs
[2025-04-24T17:15:32.718+0000] {logging_mixin.py:190} INFO - [2025-04-24T17:15:32.717+0000] {dag.py:4180} INFO - Setting next_dagrun for gold_prices_dag to 2025-04-23 00:00:00+00:00, run_after=2025-04-24 00:00:00+00:00
[2025-04-24T17:15:32.766+0000] {processor.py:208} INFO - Processing /opt/airflow/dags/dag_prices.py took 0.703 seconds
[2025-04-24T17:16:03.679+0000] {processor.py:186} INFO - Started process (PID=295) to work on /opt/airflow/dags/dag_prices.py
[2025-04-24T17:16:03.681+0000] {processor.py:914} INFO - Processing file /opt/airflow/dags/dag_prices.py for tasks to queue
[2025-04-24T17:16:03.688+0000] {logging_mixin.py:190} INFO - [2025-04-24T17:16:03.687+0000] {dagbag.py:588} INFO - Filling up the DagBag from /opt/airflow/dags/dag_prices.py
[2025-04-24T17:16:04.577+0000] {processor.py:925} INFO - DAG(s) 'gold_prices_dag' retrieved from /opt/airflow/dags/dag_prices.py
[2025-04-24T17:16:04.648+0000] {logging_mixin.py:190} INFO - [2025-04-24T17:16:04.647+0000] {dag.py:3239} INFO - Sync 1 DAGs
[2025-04-24T17:16:04.733+0000] {logging_mixin.py:190} INFO - [2025-04-24T17:16:04.731+0000] {dag.py:4180} INFO - Setting next_dagrun for gold_prices_dag to 2025-04-23 00:00:00+00:00, run_after=2025-04-24 00:00:00+00:00
[2025-04-24T17:16:04.803+0000] {processor.py:208} INFO - Processing /opt/airflow/dags/dag_prices.py took 1.141 seconds
[2025-04-24T17:16:35.593+0000] {processor.py:186} INFO - Started process (PID=322) to work on /opt/airflow/dags/dag_prices.py
[2025-04-24T17:16:35.595+0000] {processor.py:914} INFO - Processing file /opt/airflow/dags/dag_prices.py for tasks to queue
[2025-04-24T17:16:35.600+0000] {logging_mixin.py:190} INFO - [2025-04-24T17:16:35.599+0000] {dagbag.py:588} INFO - Filling up the DagBag from /opt/airflow/dags/dag_prices.py
[2025-04-24T17:16:36.226+0000] {processor.py:925} INFO - DAG(s) 'gold_prices_dag' retrieved from /opt/airflow/dags/dag_prices.py
[2025-04-24T17:16:36.273+0000] {logging_mixin.py:190} INFO - [2025-04-24T17:16:36.272+0000] {dag.py:3239} INFO - Sync 1 DAGs
[2025-04-24T17:16:36.324+0000] {logging_mixin.py:190} INFO - [2025-04-24T17:16:36.323+0000] {dag.py:4180} INFO - Setting next_dagrun for gold_prices_dag to 2025-04-23 00:00:00+00:00, run_after=2025-04-24 00:00:00+00:00
[2025-04-24T17:16:36.360+0000] {processor.py:208} INFO - Processing /opt/airflow/dags/dag_prices.py took 0.781 seconds
[2025-04-24T17:17:06.671+0000] {processor.py:186} INFO - Started process (PID=350) to work on /opt/airflow/dags/dag_prices.py
[2025-04-24T17:17:06.675+0000] {processor.py:914} INFO - Processing file /opt/airflow/dags/dag_prices.py for tasks to queue
[2025-04-24T17:17:06.680+0000] {logging_mixin.py:190} INFO - [2025-04-24T17:17:06.679+0000] {dagbag.py:588} INFO - Filling up the DagBag from /opt/airflow/dags/dag_prices.py
[2025-04-24T17:17:07.335+0000] {processor.py:925} INFO - DAG(s) 'gold_prices_dag' retrieved from /opt/airflow/dags/dag_prices.py
[2025-04-24T17:17:07.397+0000] {logging_mixin.py:190} INFO - [2025-04-24T17:17:07.396+0000] {dag.py:3239} INFO - Sync 1 DAGs
[2025-04-24T17:17:07.450+0000] {logging_mixin.py:190} INFO - [2025-04-24T17:17:07.450+0000] {dag.py:4180} INFO - Setting next_dagrun for gold_prices_dag to 2025-04-23 00:00:00+00:00, run_after=2025-04-24 00:00:00+00:00
[2025-04-24T17:17:07.503+0000] {processor.py:208} INFO - Processing /opt/airflow/dags/dag_prices.py took 0.845 seconds
[2025-04-24T17:17:37.837+0000] {processor.py:186} INFO - Started process (PID=377) to work on /opt/airflow/dags/dag_prices.py
[2025-04-24T17:17:37.840+0000] {processor.py:914} INFO - Processing file /opt/airflow/dags/dag_prices.py for tasks to queue
[2025-04-24T17:17:37.854+0000] {logging_mixin.py:190} INFO - [2025-04-24T17:17:37.852+0000] {dagbag.py:588} INFO - Filling up the DagBag from /opt/airflow/dags/dag_prices.py
[2025-04-24T17:17:38.572+0000] {processor.py:925} INFO - DAG(s) 'gold_prices_dag' retrieved from /opt/airflow/dags/dag_prices.py
[2025-04-24T17:17:38.622+0000] {logging_mixin.py:190} INFO - [2025-04-24T17:17:38.621+0000] {dag.py:3239} INFO - Sync 1 DAGs
[2025-04-24T17:17:38.698+0000] {logging_mixin.py:190} INFO - [2025-04-24T17:17:38.698+0000] {dag.py:4180} INFO - Setting next_dagrun for gold_prices_dag to 2025-04-23 00:00:00+00:00, run_after=2025-04-24 00:00:00+00:00
[2025-04-24T17:17:38.748+0000] {processor.py:208} INFO - Processing /opt/airflow/dags/dag_prices.py took 0.934 seconds
[2025-04-24T17:18:08.966+0000] {processor.py:186} INFO - Started process (PID=389) to work on /opt/airflow/dags/dag_prices.py
[2025-04-24T17:18:08.969+0000] {processor.py:914} INFO - Processing file /opt/airflow/dags/dag_prices.py for tasks to queue
[2025-04-24T17:18:08.973+0000] {logging_mixin.py:190} INFO - [2025-04-24T17:18:08.973+0000] {dagbag.py:588} INFO - Filling up the DagBag from /opt/airflow/dags/dag_prices.py
[2025-04-24T17:18:09.535+0000] {processor.py:925} INFO - DAG(s) 'gold_prices_dag' retrieved from /opt/airflow/dags/dag_prices.py
[2025-04-24T17:18:09.573+0000] {logging_mixin.py:190} INFO - [2025-04-24T17:18:09.572+0000] {dag.py:3239} INFO - Sync 1 DAGs
[2025-04-24T17:18:09.612+0000] {logging_mixin.py:190} INFO - [2025-04-24T17:18:09.612+0000] {dag.py:4180} INFO - Setting next_dagrun for gold_prices_dag to 2025-04-23 00:00:00+00:00, run_after=2025-04-24 00:00:00+00:00
[2025-04-24T17:18:09.653+0000] {processor.py:208} INFO - Processing /opt/airflow/dags/dag_prices.py took 0.700 seconds
[2025-04-24T17:18:40.441+0000] {processor.py:186} INFO - Started process (PID=418) to work on /opt/airflow/dags/dag_prices.py
[2025-04-24T17:18:40.452+0000] {processor.py:914} INFO - Processing file /opt/airflow/dags/dag_prices.py for tasks to queue
[2025-04-24T17:18:40.460+0000] {logging_mixin.py:190} INFO - [2025-04-24T17:18:40.459+0000] {dagbag.py:588} INFO - Filling up the DagBag from /opt/airflow/dags/dag_prices.py
